["flutter_tools:ddc on package:flutter/src/services/asset_bundle.flutter_web.module",["Error creating flutter|lib/src/services/asset_bundle.ddc.dill","Error creating kernel summary for module:flutter|lib/src/services/asset_bundle.ddc.dill\n\nResponse:--dart-sdk-summary file:///usr/local/google/home/garyq/engine/src/out/android_debug_unopt/flutter_web_sdk/kernel/flutter_ddc_sdk.dill --output /tmp/scratch_spaceJOEZJF/packages/flutter/src/services/asset_bundle.ddc.dill --packages-file file:///tmp/kernel_builder_ESGENI/.packages --multi-root-scheme org-dartlang-app --exclude-non-sources --summary-only --libraries-file libraries.json --source=package:flutter/src/services/system_chrome.dart --source=package:flutter/src/services/text_editing.dart --source=package:flutter/src/services/system_sound.dart --source=package:flutter/src/services/font_loader.dart --source=package:flutter/src/services/raw_keyboard_android.dart --source=package:flutter/src/services/text_formatter.dart --source=package:flutter/src/services/platform_messages.dart --source=package:flutter/src/services/raw_keyboard_fuchsia.dart --source=package:flutter/src/services/clipboard.dart --source=package:flutter/src/services/raw_keyboard_linux.dart --source=package:flutter/src/services/message_codec.dart --source=package:flutter/src/services/binary_messenger.dart --source=package:flutter/src/services/message_codecs.dart --source=package:flutter/src/services/keyboard_key.dart --source=package:flutter/src/services/text_input.dart --source=package:flutter/src/services/platform_channel.dart --source=package:flutter/src/services/keyboard_maps.dart --source=package:flutter/src/services/system_navigator.dart --source=package:flutter/src/services/raw_keyboard.dart --source=package:flutter/src/services/system_channels.dart --source=package:flutter/src/services/platform_views.dart --source=package:flutter/src/services/asset_bundle.dart --source=package:flutter/src/services/binding.dart --source=package:flutter/src/services/haptic_feedback.dart --source=package:flutter/src/services/raw_keyboard_macos.dart\nError: SDK summary not found: file:///usr/local/google/home/garyq/engine/src/out/android_debug_unopt/flutter_web_sdk/kernel/flutter_ddc_sdk.dill.\nError: Error when reading 'file:///usr/local/google/home/garyq/engine/src/out/android_debug_unopt/flutter_web_sdk/kernel/flutter_ddc_sdk.dill': No such file or directory\norg-dartlang-untranslatable-uri:dart%3Acore: Error: Not found: 'dart:_runtime'\norg-dartlang-untranslatable-uri:dart%3Acore: Error: Not found: 'dart:_debugger'\norg-dartlang-untranslatable-uri:dart%3Acore: Error: Not found: 'dart:_foreign_helper'\norg-dartlang-untranslatable-uri:dart%3Acore: Error: Not found: 'dart:_interceptors'\norg-dartlang-untranslatable-uri:dart%3Acore: Error: Not found: 'dart:_internal'\norg-dartlang-untranslatable-uri:dart%3Acore: Error: Not found: 'dart:_isolate_helper'\norg-dartlang-untranslatable-uri:dart%3Acore: Error: Not found: 'dart:_js_helper'\norg-dartlang-untranslatable-uri:dart%3Acore: Error: Not found: 'dart:_js_mirrors'\norg-dartlang-untranslatable-uri:dart%3Acore: Error: Not found: 'dart:_js_primitives'\norg-dartlang-untranslatable-uri:dart%3Acore: Error: Not found: 'dart:_metadata'\norg-dartlang-untranslatable-uri:dart%3Acore: Error: Not found: 'dart:_native_typed_data'\norg-dartlang-untranslatable-uri:dart%3Acore: Error: Not found: 'dart:async'\norg-dartlang-app:///packages/flutter/src/services/system_chrome.dart:5:8: Error: Not found: 'dart:async'\nimport 'dart:async';\n       ^\norg-dartlang-app:///packages/flutter/src/services/system_sound.dart:5:8: Error: Not found: 'dart:async'\nimport 'dart:async';\n       ^\norg-dartlang-app:///packages/flutter/src/services/font_loader.dart:5:8: Error: Not found: 'dart:async'\nimport 'dart:async';\n       ^\norg-dartlang-app:///packages/flutter/src/services/platform_messages.dart:5:8: Error: Not found: 'dart:async'\nimport 'dart:async';\n       ^\norg-dartlang-app:///packages/flutter/src/services/clipboard.dart:5:8: Error: Not found: 'dart:async'\nimport 'dart:async';\n       ^\norg-dartlang-app:///packages/flutter/src/services/binary_messenger.dart:5:8: Error: Not found: 'dart:async'\nimport 'dart:async';\n       ^\norg-dartlang-app:///packages/flutter/src/services/text_input.dart:5:8: Error: Not found: 'dart:async'\nimport 'dart:async';\n       ^\norg-dartlang-app:///packages/flutter/src/services/platform_channel.dart:5:8: Error: Not found: 'dart:async'\nimport 'dart:async';\n       ^\norg-dartlang-app:///packages/flutter/src/services/system_navigator.dart:5:8: Error: Not found: 'dart:async'\nimport 'dart:async';\n       ^\norg-dartlang-app:///packages/flutter/src/services/raw_keyboard.dart:5:8: Error: Not found: 'dart:async'\nimport 'dart:async';\n       ^\norg-dartlang-app:///packages/flutter/src/services/platform_views.dart:5:8: Error: Not found: 'dart:async'\nimport 'dart:async';\n       ^\norg-dartlang-app:///packages/flutter/src/services/asset_bundle.dart:5:8: Error: Not found: 'dart:async'\nimport 'dart:async';\n       ^\norg-dartlang-app:///packages/flutter/src/services/binding.dart:5:8: Error: Not found: 'dart:async'\nimport 'dart:async';\n       ^\norg-dartlang-app:///packages/flutter/src/services/haptic_feedback.dart:5:8: Error: Not found: 'dart:async'\nimport 'dart:async';\n       ^\norg-dartlang-untranslatable-uri:dart%3Acore: Error: Not found: 'dart:collection'\norg-dartlang-app:///packages/flutter/src/services/system_chrome.dart:1:1: Error: Not found: 'dart:collection'\n// Copyright 2016 The Chromium Authors. All rights reserved.\n^\norg-dartlang-untranslatable-uri:dart%3Acore: Error: Not found: 'dart:convert'\norg-dartlang-app:///packages/flutter/src/services/message_codecs.dart:5:8: Error: Not found: 'dart:convert'\nimport 'dart:convert';\n       ^\norg-dartlang-app:///packages/flutter/src/services/asset_bundle.dart:6:8: Error: Not found: 'dart:convert'\nimport 'dart:convert';\n       ^\norg-dartlang-untranslatable-uri:dart%3Acore: Error: Not found: 'dart:developer'\norg-dartlang-untranslatable-uri:dart%3Acore: Error: Not found: 'dart:io'\norg-dartlang-app:///packages/flutter/src/services/text_input.dart:6:8: Error: Not found: 'dart:io'\nimport 'dart:io' show Platform;\n       ^\norg-dartlang-app:///packages/flutter/src/services/asset_bundle.dart:7:8: Error: Not found: 'dart:io'\nimport 'dart:io';\n       ^\norg-dartlang-untranslatable-uri:dart%3Acore: Error: Not found: 'dart:isolate'\norg-dartlang-untranslatable-uri:dart%3Acore: Error: Not found: 'dart:js'\norg-dartlang-untranslatable-uri:dart%3Acore: Error: Not found: 'dart:js_util'\norg-dartlang-untranslatable-uri:dart%3Acore: Error: Not found: 'dart:math'\norg-dartlang-app:///packages/flutter/src/services/text_formatter.dart:5:8: Error: Not found: 'dart:math'\nimport 'dart:math' as math;\n       ^\norg-dartlang-untranslatable-uri:dart%3Acore: Error: Not found: 'dart:mirrors'\norg-dartlang-untranslatable-uri:dart%3Acore: Error: Not found: 'dart:typed_data'\norg-dartlang-app:///packages/flutter/src/services/font_loader.dart:6:8: Error: Not found: 'dart:typed_data'\nimport 'dart:typed_data';\n       ^\norg-dartlang-app:///packages/flutter/src/services/platform_messages.dart:6:8: Error: Not found: 'dart:typed_data'\nimport 'dart:typed_data';\n       ^\norg-dartlang-app:///packages/flutter/src/services/message_codec.dart:5:8: Error: Not found: 'dart:typed_data'\nimport 'dart:typed_data';\n       ^\norg-dartlang-app:///packages/flutter/src/services/message_codec.dart:11:1: Error: Not found: 'dart:typed_data'\nexport 'dart:typed_data' show ByteData;\n^\norg-dartlang-app:///packages/flutter/src/services/binary_messenger.dart:6:8: Error: Not found: 'dart:typed_data'\nimport 'dart:typed_data';\n       ^\norg-dartlang-app:///packages/flutter/src/services/message_codecs.dart:6:8: Error: Not found: 'dart:typed_data'\nimport 'dart:typed_data';\n       ^\norg-dartlang-app:///packages/flutter/src/services/platform_channel.dart:6:8: Error: Not found: 'dart:typed_data'\nimport 'dart:typed_data';\n       ^\norg-dartlang-app:///packages/flutter/src/services/platform_views.dart:6:8: Error: Not found: 'dart:typed_data'\nimport 'dart:typed_data';\n       ^\norg-dartlang-app:///packages/flutter/src/services/asset_bundle.dart:8:8: Error: Not found: 'dart:typed_data'\nimport 'dart:typed_data';\n       ^\norg-dartlang-untranslatable-uri:dart%3Acore: Error: Not found: 'dart:indexed_db'\norg-dartlang-untranslatable-uri:dart%3Acore: Error: Not found: 'dart:html'\norg-dartlang-untranslatable-uri:dart%3Acore: Error: Not found: 'dart:html_common'\norg-dartlang-untranslatable-uri:dart%3Acore: Error: Not found: 'dart:svg'\norg-dartlang-untranslatable-uri:dart%3Acore: Error: Not found: 'dart:web_audio'\norg-dartlang-untranslatable-uri:dart%3Acore: Error: Not found: 'dart:web_gl'\norg-dartlang-untranslatable-uri:dart%3Acore: Error: Not found: 'dart:web_sql'\norg-dartlang-app:///packages/flutter/src/services/system_chrome.dart:1:1: Error: Not found: 'dart:core'\n// Copyright 2016 The Chromium Authors. All rights reserved.\n^\norg-dartlang-untranslatable-uri:dart%3Acore:1:8: Error: Not found: 'dart:_internal'\nimport 'dart:_internal';\n       ^\norg-dartlang-untranslatable-uri:dart%3Acore:2:8: Error: Not found: 'dart:async'\nimport 'dart:async';\n       ^\norg-dartlang-untranslatable-uri:dart%3Acore:4:1: Error: Not found: 'dart:async'\nexport 'dart:async' show Future, Stream;\n^\norg-dartlang-app:///packages/flutter/src/services/system_chrome.dart:6:8: Error: Not found: 'dart:ui'\nimport 'dart:ui';\n       ^\norg-dartlang-app:///packages/flutter/src/services/system_chrome.dart:12:1: Error: Not found: 'dart:ui'\nexport 'dart:ui' show Brightness;\n^\norg-dartlang-app:///packages/flutter/src/services/text_editing.dart:5:8: Error: Not found: 'dart:ui'\nimport 'dart:ui' show hashValues, TextAffinity, TextPosition;\n       ^\norg-dartlang-app:///packages/flutter/src/services/text_editing.dart:9:1: Error: Not found: 'dart:ui'\nexport 'dart:ui' show TextAffinity, TextPosition;\n^\norg-dartlang-app:///packages/flutter/src/services/font_loader.dart:7:8: Error: Not found: 'dart:ui'\nimport 'dart:ui';\n       ^\norg-dartlang-app:///packages/flutter/src/services/platform_messages.dart:7:8: Error: Not found: 'dart:ui'\nimport 'dart:ui' as ui;\n       ^\norg-dartlang-app:///packages/flutter/src/services/binary_messenger.dart:7:8: Error: Not found: 'dart:ui'\nimport 'dart:ui' as ui;\n       ^\norg-dartlang-app:///packages/flutter/src/services/text_input.dart:7:8: Error: Not found: 'dart:ui'\nimport 'dart:ui' show TextAffinity, hashValues, Offset;\n       ^\norg-dartlang-app:///packages/flutter/src/services/text_input.dart:16:1: Error: Not found: 'dart:ui'\nexport 'dart:ui' show TextAffinity;\n^\norg-dartlang-app:///packages/flutter/src/services/system_channels.dart:5:8: Error: Not found: 'dart:ui'\nimport 'dart:ui';\n       ^\norg-dartlang-app:///packages/flutter/src/services/platform_views.dart:7:8: Error: Not found: 'dart:ui'\nimport 'dart:ui';\n       ^\norg-dartlang-app:///packages/flutter/src/foundation/basic_types.dart:5:8: Error: Not found: 'dart:async'\nimport 'dart:async';\n       ^\norg-dartlang-app:///packages/flutter/src/foundation/basic_types.dart:6:8: Error: Not found: 'dart:collection'\nimport 'dart:collection';\n       ^\norg-dartlang-app:///packages/flutter/src/foundation/basic_types.dart:10:1: Error: Not found: 'dart:ui'\nexport 'dart:ui' show VoidCallback;\n^\norg-dartlang-app:///packages/flutter/src/foundation/binding.dart:5:8: Error: Not found: 'dart:async'\nimport 'dart:async';\n       ^\norg-dartlang-app:///packages/flutter/src/foundation/binding.dart:6:8: Error: Not found: 'dart:convert'\nimport 'dart:convert' show json;\n       ^\norg-dartlang-app:///packages/flutter/src/foundation/binding.dart:7:8: Error: Not found: 'dart:developer'\nimport 'dart:developer' as developer;\n       ^\norg-dartlang-app:///packages/flutter/src/foundation/binding.dart:8:8: Error: Not found: 'dart:io'\nimport 'dart:io' show exit;\n       ^\norg-dartlang-app:///packages/flutter/src/foundation/binding.dart:9:8: Error: Not found: 'dart:ui'\nimport 'dart:ui' as ui show saveCompilationTrace, Window, window;\n       ^\norg-dartlang-app:///packages/flutter/src/foundation/consolidate_response.dart:5:8: Error: Not found: 'dart:async'\nimport 'dart:async';\n       ^\norg-dartlang-app:///packages/flutter/src/foundation/consolidate_response.dart:6:8: Error: Not found: 'dart:convert'\nimport 'dart:convert';\n       ^\norg-dartlang-app:///packages/flutter/src/foundation/consolidate_response.dart:7:8: Error: Not found: 'dart:io'\nimport 'dart:io';\n       ^\norg-dartlang-app:///packages/flutter/src/foundation/consolidate_response.dart:8:8: Error: Not found: 'dart:typed_data'\nimport 'dart:typed_data';\n       ^\norg-dartlang-app:///packages/flutter/src/foundation/debug.dart:5:8: Error: Not found: 'dart:async'\nimport 'dart:async';\n       ^\norg-dartlang-app:///packages/flutter/src/foundation/diagnostics.dart:5:8: Error: Not found: 'dart:math'\nimport 'dart:math' as math;\n       ^\norg-dartlang-app:///packages/flutter/src/foundation/isolates.dart:5:8: Error: Not found: 'dart:async'\nimport 'dart:async';\n       ^\norg-dartlang-app:///packages/flutter/src/foundation/key.dart:5:8: Error: Not found: 'dart:ui'\nimport 'dart:ui' show hashValues;\n       ^\norg-dartlang-app:///packages/flutter/src/foundation/licenses.dart:5:8: Error: Not found: 'dart:async'\nimport 'dart:async';\n       ^\norg-dartlang-app:///packages/flutter/src/foundation/observer_list.dart:5:8: Error: Not found: 'dart:collection'\nimport 'dart:collection';\n       ^\norg-dartlang-app:///packages/flutter/src/foundation/print.dart:5:8: Error: Not found: 'dart:async'\nimport 'dart:async';\n       ^\norg-dartlang-app:///packages/flutter/src/foundation/print.dart:6:8: Error: Not found: 'dart:collection'\nimport 'dart:collection';\n       ^\norg-dartlang-app:///packages/flutter/src/foundation/serialization.dart:5:8: Error: Not found: 'dart:typed_data'\nimport 'dart:typed_data';\n       ^\norg-dartlang-app:///packages/flutter/src/foundation/synchronous_future.dart:5:8: Error: Not found: 'dart:async'\nimport 'dart:async';\n       ^\norg-dartlang-app:///packages/typed_data/typed_buffers.dart:16:8: Error: Not found: 'dart:collection'\nimport \"dart:collection\" show ListBase;\n       ^\norg-dartlang-app:///packages/typed_data/typed_buffers.dart:17:8: Error: Not found: 'dart:typed_data'\nimport \"dart:typed_data\";\n       ^\norg-dartlang-app:///packages/flutter/src/services/system_chrome.dart:100:9: Error: Type 'Color' not found.\n  final Color systemNavigationBarColor;\n        ^^^^^\norg-dartlang-app:///packages/flutter/src/services/system_chrome.dart:105:9: Error: Type 'Color' not found.\n  final Color systemNavigationBarDividerColor;\n        ^^^^^\norg-dartlang-app:///packages/flutter/src/services/system_chrome.dart:110:9: Error: Type 'Brightness' not found.\n  final Brightness systemNavigationBarIconBrightness;\n        ^^^^^^^^^^\norg-dartlang-app:///packages/flutter/src/services/system_chrome.dart:115:9: Error: Type 'Color' not found.\n  final Color statusBarColor;\n        ^^^^^\norg-dartlang-app:///packages/flutter/src/services/system_chrome.dart:120:9: Error: Type 'Brightness' not found.\n  final Brightness statusBarBrightness;\n        ^^^^^^^^^^\norg-dartlang-app:///packages/flutter/src/services/system_chrome.dart:125:9: Error: Type 'Brightness' not found.\n  final Brightness statusBarIconBrightness;\n        ^^^^^^^^^^\norg-dartlang-app:///packages/flutter/src/services/system_chrome.dart:150:3: Error: Expected 0 type arguments.\n  Map<String, dynamic> _toMap() {\n  ^\norg-dartlang-app:///packages/flutter/src/services/system_chrome.dart:166:5: Error: Type 'Color' not found.\n    Color systemNavigationBarColor,\n    ^^^^^\norg-dartlang-app:///packages/flutter/src/services/system_chrome.dart:167:5: Error: Type 'Color' not found.\n    Color systemNavigationBarDividerColor,\n    ^^^^^\norg-dartlang-app:///packages/flutter/src/services/system_chrome.dart:168:5: Error: Type 'Color' not found.\n    Color statusBarColor,\n    ^^^^^\norg-dartlang-app:///packages/flutter/src/services/system_chrome.dart:169:5: Error: Type 'Brightness' not found.\n    Brightness statusBarBrightness,\n    ^^^^^^^^^^\norg-dartlang-app:///packages/flutter/src/services/system_chrome.dart:170:5: Error: Type 'Brightness' not found.\n    Brightness statusBarIconBrightness,\n    ^^^^^^^^^^\norg-dartlang-app:///packages/flutter/src/services/system_chrome.dart:171:5: Error: Type 'Brightness' not found.\n    Brightness systemNavigationBarIconBrightness,\n    ^^^^^^^^^^\norg-dartlang-app:///packages/flutter/src/services/system_chrome.dart:209:1: Error: Expected 0 type arguments.\nList<String> _stringify(List<dynamic> list) {\n^\norg-dartlang-app:///packages/flutter/src/services/system_chrome.dart:209:25: Error: Expected 0 type arguments.\nList<String> _stringify(List<dynamic> list) {\n                        ^\norg-dartlang-app:///packages/flutter/src/services/system_chrome.dart:227:10: Error: Expected 0 type arguments.\n  static Future<void> setPreferredOrientations(List<DeviceOrientation> orientations) async {\n         ^\norg-dartlang-app:///packages/flutter/src/services/system_chrome.dart:227:48: Error: Expected 0 type arguments.\n  static Future<void> setPreferredOrientations(List<DeviceOrientation> orientations) async {\n                                               ^\norg-dartlang-app:///packages/flutter/src/services/system_chrome.dart:239:10: Error: Expected 0 type arguments.\n  static Future<void> setApplicationSwitcherDescription(ApplicationSwitcherDescription description) async {\n         ^\norg-dartlang-app:///packages/flutter/src/services/system_chrome.dart:271:10: Error: Expected 0 type arguments.\n  static Future<void> setEnabledSystemUIOverlays(List<SystemUiOverlay> overlays) async {\n         ^\norg-dartlang-app:///packages/flutter/src/services/system_chrome.dart:271:50: Error: Expected 0 type arguments.\n  static Future<void> setEnabledSystemUIOverlays(List<SystemUiOverlay> overlays) async {\n                                                 ^\norg-dartlang-app:///packages/flutter/src/services/system_chrome.dart:287:10: Error: Expected 0 type arguments.\n  static Future<void> restoreSystemUIOverlays() async {\n         ^\norg-dartlang-app:///packages/flutter/src/services/text_editing.dart:132:30: Error: Type 'TextPosition' not found.\n  TextSelection.fromPosition(TextPosition position)\n                             ^^^^^^^^^^^^\norg-dartlang-app:///packages/flutter/src/services/text_editing.dart:156:9: Error: Type 'TextAffinity' not found.\n  final TextAffinity affinity;\n        ^^^^^^^^^^^^\norg-dartlang-app:///packages/flutter/src/services/text_editing.dart:169:3: Error: Type 'TextPosition' not found.\n  TextPosition get base => TextPosition(offset: baseOffset, affinity: affinity);\n  ^^^^^^^^^^^^\norg-dartlang-app:///packages/flutter/src/services/text_editing.dart:178:3: Error: Type 'TextPosition' not found.\n  TextPosition get extent => TextPosition(offset: extentOffset, affinity: affinity);\n  ^^^^^^^^^^^^\norg-dartlang-app:///packages/flutter/src/services/text_editing.dart:211:5: Error: Type 'TextAffinity' not found.\n    TextAffinity affinity,\n    ^^^^^^^^^^^^\norg-dartlang-app:///packages/flutter/src/services/system_sound.dart:22:10: Error: Expected 0 type arguments.\n  static Future<void> play(SystemSoundType type) async {\n         ^\norg-dartlang-app:///packages/flutter/src/services/font_loader.dart:36:23: Error: Type 'ByteData' not found.\n  void addFont(Future<ByteData> bytes) {\n                      ^^^^^^^^\norg-dartlang-app:///packages/flutter/src/services/font_loader.dart:36:16: Error: Expected 0 type arguments.\n  void addFont(Future<ByteData> bytes) {\n               ^\norg-dartlang-app:///packages/flutter/src/services/font_loader.dart:55:3: Error: Expected 0 type arguments.\n  Future<void> load() async {\n  ^\norg-dartlang-app:///packages/flutter/src/services/font_loader.dart:74:3: Error: Expected 0 type arguments.\n  Future<void> loadFont(Uint8List list, String family) {\n  ^\norg-dartlang-app:///packages/flutter/src/services/font_loader.dart:74:25: Error: Type 'Uint8List' not found.\n  Future<void> loadFont(Uint8List list, String family) {\n                        ^^^^^^^^^\norg-dartlang-app:///packages/flutter/src/services/font_loader.dart:79:21: Error: Type 'Uint8List' not found.\n  final List<Future<Uint8List>> _fontFutures;\n                    ^^^^^^^^^\norg-dartlang-app:///packages/flutter/src/services/font_loader.dart:79:14: Error: Expected 0 type arguments.\n  final List<Future<Uint8List>> _fontFutures;\n             ^\norg-dartlang-app:///packages/flutter/src/services/font_loader.dart:79:9: Error: Expected 0 type arguments.\n  final List<Future<Uint8List>> _fontFutures;\n        ^\norg-dartlang-app:///packages/flutter/src/services/text_formatter.dart:102:9: Error: Type 'Pattern' not found.\n  final Pattern blacklistedPattern;\n        ^^^^^^^\norg-dartlang-app:///packages/flutter/src/services/text_formatter.dart:224:9: Error: Type 'Pattern' not found.\n  final Pattern whitelistedPattern;\n        ^^^^^^^\norg-dartlang-app:///packages/flutter/src/services/platform_messages.dart:41:10: Error: Expected 0 type arguments.\n  static Future<void> handlePlatformMessage(\n         ^\norg-dartlang-app:///packages/flutter/src/services/platform_messages.dart:43:5: Error: Type 'ByteData' not found.\n    ByteData data,\n    ^^^^^^^^\norg-dartlang-app:///packages/flutter/src/services/platform_messages.dart:44:5: Error: Type 'ui.PlatformMessageResponseCallback' not found.\n    ui.PlatformMessageResponseCallback callback,\n    ^^^^^^^^^^^^^^^^^^^^^^^^^^^^^^^^^^\norg-dartlang-app:///packages/flutter/src/services/platform_messages.dart:54:17: Error: Type 'ByteData' not found.\n  static Future<ByteData> send(String channel, ByteData message) {\n                ^^^^^^^^\norg-dartlang-app:///packages/flutter/src/services/platform_messages.dart:54:10: Error: Expected 0 type arguments.\n  static Future<ByteData> send(String channel, ByteData message) {\n         ^\norg-dartlang-app:///packages/flutter/src/services/platform_messages.dart:54:48: Error: Type 'ByteData' not found.\n  static Future<ByteData> send(String channel, ByteData message) {\n                                               ^^^^^^^^\norg-dartlang-app:///packages/flutter/src/services/platform_messages.dart:67:56: Error: Type 'ByteData' not found.\n  static void setMessageHandler(String channel, Future<ByteData> handler(ByteData message)) {\n                                                       ^^^^^^^^\norg-dartlang-app:///packages/flutter/src/services/platform_messages.dart:67:49: Error: Expected 0 type arguments.\n  static void setMessageHandler(String channel, Future<ByteData> handler(ByteData message)) {\n                                                ^\norg-dartlang-app:///packages/flutter/src/services/platform_messages.dart:67:74: Error: Type 'ByteData' not found.\n  static void setMessageHandler(String channel, Future<ByteData> handler(ByteData message)) {\n                                                                         ^^^^^^^^\norg-dartlang-app:///packages/flutter/src/services/platform_messages.dart:83:60: Error: Type 'ByteData' not found.\n  static void setMockMessageHandler(String channel, Future<ByteData> handler(ByteData message)) {\n                                                           ^^^^^^^^\norg-dartlang-app:///packages/flutter/src/services/platform_messages.dart:83:53: Error: Expected 0 type arguments.\n  static void setMockMessageHandler(String channel, Future<ByteData> handler(ByteData message)) {\n                                                    ^\norg-dartlang-app:///packages/flutter/src/services/platform_messages.dart:83:78: Error: Type 'ByteData' not found.\n  static void setMockMessageHandler(String channel, Future<ByteData> handler(ByteData message)) {\n                                                                             ^^^^^^^^\norg-dartlang-app:///packages/flutter/src/services/clipboard.dart:36:10: Error: Expected 0 type arguments.\n  static Future<void> setData(ClipboardData data) async {\n         ^\norg-dartlang-app:///packages/flutter/src/services/clipboard.dart:52:10: Error: Expected 0 type arguments.\n  static Future<ClipboardData> getData(String format) async {\n         ^\norg-dartlang-app:///packages/flutter/src/services/message_codec.dart:26:3: Error: Type 'ByteData' not found.\n  ByteData encodeMessage(T message);\n  ^^^^^^^^\norg-dartlang-app:///packages/flutter/src/services/message_codec.dart:31:19: Error: Type 'ByteData' not found.\n  T decodeMessage(ByteData message);\n                  ^^^^^^^^\norg-dartlang-app:///packages/flutter/src/services/message_codec.dart:66:3: Error: Type 'ByteData' not found.\n  ByteData encodeMethodCall(MethodCall methodCall);\n  ^^^^^^^^\norg-dartlang-app:///packages/flutter/src/services/message_codec.dart:69:31: Error: Type 'ByteData' not found.\n  MethodCall decodeMethodCall(ByteData methodCall);\n                              ^^^^^^^^\norg-dartlang-app:///packages/flutter/src/services/message_codec.dart:75:26: Error: Type 'ByteData' not found.\n  dynamic decodeEnvelope(ByteData envelope);\n                         ^^^^^^^^\norg-dartlang-app:///packages/flutter/src/services/message_codec.dart:78:3: Error: Type 'ByteData' not found.\n  ByteData encodeSuccessEnvelope(dynamic result);\n  ^^^^^^^^\norg-dartlang-app:///packages/flutter/src/services/message_codec.dart:84:3: Error: Type 'ByteData' not found.\n  ByteData encodeErrorEnvelope({ @required String code, String message, dynamic details });\n  ^^^^^^^^\norg-dartlang-app:///packages/flutter/src/services/message_codec.dart:101:36: Error: Type 'Exception' not found.\nclass PlatformException implements Exception {\n                                   ^^^^^^^^^\norg-dartlang-app:///packages/flutter/src/services/message_codec.dart:134:41: Error: Type 'Exception' not found.\nclass MissingPluginException implements Exception {\n                                        ^^^^^^^^^\norg-dartlang-app:///packages/flutter/src/services/binary_messenger.dart:12:33: Error: Type 'ByteData' not found.\ntypedef MessageHandler = Future<ByteData> Function(ByteData message);\n                                ^^^^^^^^\norg-dartlang-app:///packages/flutter/src/services/binary_messenger.dart:12:26: Error: Expected 0 type arguments.\ntypedef MessageHandler = Future<ByteData> Function(ByteData message);\n                         ^\norg-dartlang-app:///packages/flutter/src/services/binary_messenger.dart:12:52: Error: Type 'ByteData' not found.\ntypedef MessageHandler = Future<ByteData> Function(ByteData message);\n                                                   ^^^^^^^^\norg-dartlang-app:///packages/flutter/src/services/binary_messenger.dart:27:3: Error: Expected 0 type arguments.\n  Future<void> handlePlatformMessage(String channel, ByteData data, ui.PlatformMessageResponseCallback callback);\n  ^\norg-dartlang-app:///packages/flutter/src/services/binary_messenger.dart:27:54: Error: Type 'ByteData' not found.\n  Future<void> handlePlatformMessage(String channel, ByteData data, ui.PlatformMessageResponseCallback callback);\n                                                     ^^^^^^^^\norg-dartlang-app:///packages/flutter/src/services/binary_messenger.dart:27:69: Error: Type 'ui.PlatformMessageResponseCallback' not found.\n  Future<void> handlePlatformMessage(String channel, ByteData data, ui.PlatformMessageResponseCallback callback);\n                                                                    ^^^^^^^^^^^^^^^^^^^^^^^^^^^^^^^^^^\norg-dartlang-app:///packages/flutter/src/services/binary_messenger.dart:33:10: Error: Type 'ByteData' not found.\n  Future<ByteData> send(String channel, ByteData message);\n         ^^^^^^^^\norg-dartlang-app:///packages/flutter/src/services/binary_messenger.dart:33:3: Error: Expected 0 type arguments.\n  Future<ByteData> send(String channel, ByteData message);\n  ^\norg-dartlang-app:///packages/flutter/src/services/binary_messenger.dart:33:41: Error: Type 'ByteData' not found.\n  Future<ByteData> send(String channel, ByteData message);\n                                        ^^^^^^^^\norg-dartlang-app:///packages/flutter/src/services/binary_messenger.dart:43:49: Error: Type 'ByteData' not found.\n  void setMessageHandler(String channel, Future<ByteData> handler(ByteData message));\n                                                ^^^^^^^^\norg-dartlang-app:///packages/flutter/src/services/binary_messenger.dart:43:42: Error: Expected 0 type arguments.\n  void setMessageHandler(String channel, Future<ByteData> handler(ByteData message));\n                                         ^\norg-dartlang-app:///packages/flutter/src/services/binary_messenger.dart:43:67: Error: Type 'ByteData' not found.\n  void setMessageHandler(String channel, Future<ByteData> handler(ByteData message));\n                                                                  ^^^^^^^^\norg-dartlang-app:///packages/flutter/src/services/binary_messenger.dart:56:53: Error: Type 'ByteData' not found.\n  void setMockMessageHandler(String channel, Future<ByteData> handler(ByteData message));\n                                                    ^^^^^^^^\norg-dartlang-app:///packages/flutter/src/services/binary_messenger.dart:56:46: Error: Expected 0 type arguments.\n  void setMockMessageHandler(String channel, Future<ByteData> handler(ByteData message));\n                                             ^\norg-dartlang-app:///packages/flutter/src/services/binary_messenger.dart:56:71: Error: Type 'ByteData' not found.\n  void setMockMessageHandler(String channel, Future<ByteData> handler(ByteData message));\n                                                                      ^^^^^^^^\norg-dartlang-app:///packages/flutter/src/services/binary_messenger.dart:69:16: Error: Expected 0 type arguments.\n  static final Map<String, MessageHandler> _handlers =\n               ^\norg-dartlang-app:///packages/flutter/src/services/binary_messenger.dart:74:16: Error: Expected 0 type arguments.\n  static final Map<String, MessageHandler> _mockHandlers =\n               ^\norg-dartlang-app:///packages/flutter/src/services/binary_messenger.dart:77:10: Error: Type 'ByteData' not found.\n  Future<ByteData> _sendPlatformMessage(String channel, ByteData message) {\n         ^^^^^^^^\norg-dartlang-app:///packages/flutter/src/services/binary_messenger.dart:77:3: Error: Expected 0 type arguments.\n  Future<ByteData> _sendPlatformMessage(String channel, ByteData message) {\n  ^\norg-dartlang-app:///packages/flutter/src/services/binary_messenger.dart:77:57: Error: Type 'ByteData' not found.\n  Future<ByteData> _sendPlatformMessage(String channel, ByteData message) {\n                                                        ^^^^^^^^\norg-dartlang-app:///packages/flutter/src/services/binary_messenger.dart:101:3: Error: Expected 0 type arguments.\n  Future<void> handlePlatformMessage(\n  ^\norg-dartlang-app:///packages/flutter/src/services/binary_messenger.dart:103:5: Error: Type 'ByteData' not found.\n    ByteData data,\n    ^^^^^^^^\norg-dartlang-app:///packages/flutter/src/services/binary_messenger.dart:104:5: Error: Type 'ui.PlatformMessageResponseCallback' not found.\n    ui.PlatformMessageResponseCallback callback,\n    ^^^^^^^^^^^^^^^^^^^^^^^^^^^^^^^^^^\norg-dartlang-app:///packages/flutter/src/services/binary_messenger.dart:125:10: Error: Type 'ByteData' not found.\n  Future<ByteData> send(String channel, ByteData message) {\n         ^^^^^^^^\norg-dartlang-app:///packages/flutter/src/services/binary_messenger.dart:125:3: Error: Expected 0 type arguments.\n  Future<ByteData> send(String channel, ByteData message) {\n  ^\norg-dartlang-app:///packages/flutter/src/services/binary_messenger.dart:125:41: Error: Type 'ByteData' not found.\n  Future<ByteData> send(String channel, ByteData message) {\n                                        ^^^^^^^^\norg-dartlang-app:///packages/flutter/src/services/message_codecs.dart:20:43: Error: Type 'ByteData' not found.\nclass BinaryCodec implements MessageCodec<ByteData> {\n                                          ^^^^^^^^\norg-dartlang-app:///packages/flutter/src/services/message_codecs.dart:26:3: Error: Type 'ByteData' not found.\n  ByteData decodeMessage(ByteData message) => message;\n  ^^^^^^^^\norg-dartlang-app:///packages/flutter/src/services/message_codecs.dart:26:26: Error: Type 'ByteData' not found.\n  ByteData decodeMessage(ByteData message) => message;\n                         ^^^^^^^^\norg-dartlang-app:///packages/flutter/src/services/message_codecs.dart:29:3: Error: Type 'ByteData' not found.\n  ByteData encodeMessage(ByteData message) => message;\n  ^^^^^^^^\norg-dartlang-app:///packages/flutter/src/services/message_codecs.dart:29:26: Error: Type 'ByteData' not found.\n  ByteData encodeMessage(ByteData message) => message;\n                         ^^^^^^^^\norg-dartlang-app:///packages/flutter/src/services/message_codecs.dart:41:24: Error: Type 'ByteData' not found.\n  String decodeMessage(ByteData message) {\n                       ^^^^^^^^\norg-dartlang-app:///packages/flutter/src/services/message_codecs.dart:48:3: Error: Type 'ByteData' not found.\n  ByteData encodeMessage(String message) {\n  ^^^^^^^^\norg-dartlang-app:///packages/flutter/src/services/message_codecs.dart:83:3: Error: Type 'ByteData' not found.\n  ByteData encodeMessage(dynamic message) {\n  ^^^^^^^^\norg-dartlang-app:///packages/flutter/src/services/message_codecs.dart:90:25: Error: Type 'ByteData' not found.\n  dynamic decodeMessage(ByteData message) {\n                        ^^^^^^^^\norg-dartlang-app:///packages/flutter/src/services/message_codecs.dart:120:3: Error: Type 'ByteData' not found.\n  ByteData encodeMethodCall(MethodCall call) {\n  ^^^^^^^^\norg-dartlang-app:///packages/flutter/src/services/message_codecs.dart:128:31: Error: Type 'ByteData' not found.\n  MethodCall decodeMethodCall(ByteData methodCall) {\n                              ^^^^^^^^\norg-dartlang-app:///packages/flutter/src/services/message_codecs.dart:140:26: Error: Type 'ByteData' not found.\n  dynamic decodeEnvelope(ByteData envelope) {\n                         ^^^^^^^^\norg-dartlang-app:///packages/flutter/src/services/message_codecs.dart:158:3: Error: Type 'ByteData' not found.\n  ByteData encodeSuccessEnvelope(dynamic result) {\n  ^^^^^^^^\norg-dartlang-app:///packages/flutter/src/services/message_codecs.dart:163:3: Error: Type 'ByteData' not found.\n  ByteData encodeErrorEnvelope({ @required String code, String message, dynamic details }) {\n  ^^^^^^^^\norg-dartlang-app:///packages/flutter/src/services/message_codecs.dart:281:3: Error: Type 'ByteData' not found.\n  ByteData encodeMessage(dynamic message) {\n  ^^^^^^^^\norg-dartlang-app:///packages/flutter/src/services/message_codecs.dart:290:25: Error: Type 'ByteData' not found.\n  dynamic decodeMessage(ByteData message) {\n                        ^^^^^^^^\norg-dartlang-app:///packages/flutter/src/services/message_codecs.dart:516:3: Error: Type 'ByteData' not found.\n  ByteData encodeMethodCall(MethodCall call) {\n  ^^^^^^^^\norg-dartlang-app:///packages/flutter/src/services/message_codecs.dart:524:31: Error: Type 'ByteData' not found.\n  MethodCall decodeMethodCall(ByteData methodCall) {\n                              ^^^^^^^^\norg-dartlang-app:///packages/flutter/src/services/message_codecs.dart:535:3: Error: Type 'ByteData' not found.\n  ByteData encodeSuccessEnvelope(dynamic result) {\n  ^^^^^^^^\norg-dartlang-app:///packages/flutter/src/services/message_codecs.dart:543:3: Error: Type 'ByteData' not found.\n  ByteData encodeErrorEnvelope({ @required String code, String message, dynamic details }) {\n  ^^^^^^^^\norg-dartlang-app:///packages/flutter/src/services/message_codecs.dart:553:26: Error: Type 'ByteData' not found.\n  dynamic decodeEnvelope(ByteData envelope) {\n                         ^^^^^^^^\norg-dartlang-app:///packages/flutter/src/services/keyboard_key.dart:236:3: Error: Expected 0 type arguments.\n  Set<LogicalKeyboardKey> get synonyms {\n  ^\norg-dartlang-app:///packages/flutter/src/services/keyboard_key.dart:1643:16: Error: Expected 0 type arguments.\n  static const Map<int, LogicalKeyboardKey> _knownLogicalKeys = <int, LogicalKeyboardKey>{\n               ^\norg-dartlang-app:///packages/flutter/src/services/keyboard_key.dart:1916:16: Error: Expected 0 type arguments.\n  static final Map<LogicalKeyboardKey, LogicalKeyboardKey> _synonyms = <LogicalKeyboardKey, LogicalKeyboardKey>{\n               ^\norg-dartlang-app:///packages/flutter/src/services/keyboard_key.dart:3516:16: Error: Expected 0 type arguments.\n  static const Map<int, PhysicalKeyboardKey> _knownPhysicalKeys = <int, PhysicalKeyboardKey>{\n               ^\norg-dartlang-app:///packages/flutter/src/services/text_input.dart:100:16: Error: Expected 0 type arguments.\n  static const List<TextInputType> values = <TextInputType>[\n               ^\norg-dartlang-app:///packages/flutter/src/services/text_input.dart:105:16: Error: Expected 0 type arguments.\n  static const List<String> _names = <String>[\n               ^\norg-dartlang-app:///packages/flutter/src/services/text_input.dart:113:3: Error: Expected 0 type arguments.\n  Map<String, dynamic> toJson() {\n  ^\norg-dartlang-app:///packages/flutter/src/services/text_input.dart:421:9: Error: Type 'Brightness' not found.\n  final Brightness keyboardAppearance;\n        ^^^^^^^^^^\norg-dartlang-app:///packages/flutter/src/services/text_input.dart:424:3: Error: Expected 0 type arguments.\n  Map<String, dynamic> toJson() {\n  ^\norg-dartlang-app:///packages/flutter/src/services/text_input.dart:437:1: Error: Type 'TextAffinity' not found.\nTextAffinity _toTextAffinity(String affinity) {\n^^^^^^^^^^^^\norg-dartlang-app:///packages/flutter/src/services/text_input.dart:475:9: Error: Type 'Offset' not found.\n  final Offset offset;\n        ^^^^^^\norg-dartlang-app:///packages/flutter/src/services/text_input.dart:499:37: Error: Expected 0 type arguments.\n  factory TextEditingValue.fromJSON(Map<String, dynamic> encoded) {\n                                    ^\norg-dartlang-app:///packages/flutter/src/services/text_input.dart:516:3: Error: Expected 0 type arguments.\n  Map<String, dynamic> toJSON() {\n  ^\norg-dartlang-app:///packages/flutter/src/services/text_input.dart:590:22: Error: Type 'TextPosition' not found.\n  void bringIntoView(TextPosition position);\n                     ^^^^^^^^^^^^\norg-dartlang-app:///packages/flutter/src/services/text_input.dart:717:68: Error: Expected 0 type arguments.\nRawFloatingCursorPoint _toTextPoint(FloatingCursorDragState state, Map<String, dynamic> encoded) {\n                                                                   ^\norg-dartlang-app:///packages/flutter/src/services/text_input.dart:732:3: Error: Expected 0 type arguments.\n  Future<dynamic> _handleTextInputInvocation(MethodCall methodCall) async {\n  ^\norg-dartlang-app:///packages/flutter/src/services/text_input.dart:780:16: Error: Expected 0 type arguments.\n  static const List<TextInputAction> _androidSupportedInputActions = <TextInputAction>[\n               ^\norg-dartlang-app:///packages/flutter/src/services/text_input.dart:792:16: Error: Expected 0 type arguments.\n  static const List<TextInputAction> _iOSSupportedInputActions = <TextInputAction>[\n               ^\norg-dartlang-app:///packages/flutter/src/services/platform_channel.dart:53:3: Error: Expected 0 type arguments.\n  Future<T> send(T message) async {\n  ^\norg-dartlang-app:///packages/flutter/src/services/platform_channel.dart:66:26: Error: Expected 0 type arguments.\n  void setMessageHandler(Future<T> handler(T message)) {\n                         ^\norg-dartlang-app:///packages/flutter/src/services/platform_channel.dart:87:30: Error: Expected 0 type arguments.\n  void setMockMessageHandler(Future<T> handler(T message)) {\n                             ^\norg-dartlang-app:///packages/flutter/src/services/platform_channel.dart:307:3: Error: Expected 0 type arguments.\n  Future<T> invokeMethod<T>(String method, [ dynamic arguments ]) async {\n  ^\norg-dartlang-app:///packages/flutter/src/services/platform_channel.dart:329:10: Error: Expected 0 type arguments.\n  Future<List<T>> invokeListMethod<T>(String method, [ dynamic arguments ]) async {\n         ^\norg-dartlang-app:///packages/flutter/src/services/platform_channel.dart:329:3: Error: Expected 0 type arguments.\n  Future<List<T>> invokeListMethod<T>(String method, [ dynamic arguments ]) async {\n  ^\norg-dartlang-app:///packages/flutter/src/services/platform_channel.dart:343:10: Error: Expected 0 type arguments.\n  Future<Map<K, V>> invokeMapMethod<K, V>(String method, [ dynamic arguments ]) async {\n         ^\norg-dartlang-app:///packages/flutter/src/services/platform_channel.dart:343:3: Error: Expected 0 type arguments.\n  Future<Map<K, V>> invokeMapMethod<K, V>(String method, [ dynamic arguments ]) async {\n  ^\norg-dartlang-app:///packages/flutter/src/services/platform_channel.dart:362:29: Error: Expected 0 type arguments.\n  void setMethodCallHandler(Future<dynamic> handler(MethodCall call)) {\n                            ^\norg-dartlang-app:///packages/flutter/src/services/platform_channel.dart:387:33: Error: Expected 0 type arguments.\n  void setMockMethodCallHandler(Future<dynamic> handler(MethodCall call)) {\n                                ^\norg-dartlang-app:///packages/flutter/src/services/platform_channel.dart:394:10: Error: Type 'ByteData' not found.\n  Future<ByteData> _handleAsMethodCall(ByteData message, Future<dynamic> handler(MethodCall call)) async {\n         ^^^^^^^^\norg-dartlang-app:///packages/flutter/src/services/platform_channel.dart:394:3: Error: Expected 0 type arguments.\n  Future<ByteData> _handleAsMethodCall(ByteData message, Future<dynamic> handler(MethodCall call)) async {\n  ^\norg-dartlang-app:///packages/flutter/src/services/platform_channel.dart:394:40: Error: Type 'ByteData' not found.\n  Future<ByteData> _handleAsMethodCall(ByteData message, Future<dynamic> handler(MethodCall call)) async {\n                                       ^^^^^^^^\norg-dartlang-app:///packages/flutter/src/services/platform_channel.dart:394:58: Error: Expected 0 type arguments.\n  Future<ByteData> _handleAsMethodCall(ByteData message, Future<dynamic> handler(MethodCall call)) async {\n                                                         ^\norg-dartlang-app:///packages/flutter/src/services/platform_channel.dart:422:3: Error: Expected 0 type arguments.\n  Future<T> invokeMethod<T>(String method, [ dynamic arguments ]) async {\n  ^\norg-dartlang-app:///packages/flutter/src/services/platform_channel.dart:432:10: Error: Expected 0 type arguments.\n  Future<List<T>> invokeListMethod<T>(String method, [ dynamic arguments ]) async {\n         ^\norg-dartlang-app:///packages/flutter/src/services/platform_channel.dart:432:3: Error: Expected 0 type arguments.\n  Future<List<T>> invokeListMethod<T>(String method, [ dynamic arguments ]) async {\n  ^\norg-dartlang-app:///packages/flutter/src/services/platform_channel.dart:438:10: Error: Expected 0 type arguments.\n  Future<Map<K, V>> invokeMapMethod<K, V>(String method, [ dynamic arguments ]) async {\n         ^\norg-dartlang-app:///packages/flutter/src/services/platform_channel.dart:438:3: Error: Expected 0 type arguments.\n  Future<Map<K, V>> invokeMapMethod<K, V>(String method, [ dynamic arguments ]) async {\n  ^\norg-dartlang-app:///packages/flutter/src/services/platform_channel.dart:487:3: Error: Expected 0 type arguments.\n  Stream<dynamic> receiveBroadcastStream([ dynamic arguments ]) {\n  ^\norg-dartlang-app:///packages/flutter/src/services/keyboard_maps.dart:15:7: Error: Expected 0 type arguments.\nconst Map<int, LogicalKeyboardKey> kAndroidToLogicalKey = <int, LogicalKeyboardKey>{\n      ^\norg-dartlang-app:///packages/flutter/src/services/keyboard_maps.dart:200:7: Error: Expected 0 type arguments.\nconst Map<int, PhysicalKeyboardKey> kAndroidToPhysicalKey = <int, PhysicalKeyboardKey>{\n      ^\norg-dartlang-app:///packages/flutter/src/services/keyboard_maps.dart:433:7: Error: Expected 0 type arguments.\nconst Map<int, LogicalKeyboardKey> kAndroidNumPadMap = <int, LogicalKeyboardKey>{\n      ^\norg-dartlang-app:///packages/flutter/src/services/keyboard_maps.dart:456:7: Error: Expected 0 type arguments.\nconst Map<int, LogicalKeyboardKey> kFuchsiaToLogicalKey = <int, LogicalKeyboardKey>{\n      ^\norg-dartlang-app:///packages/flutter/src/services/keyboard_maps.dart:726:7: Error: Expected 0 type arguments.\nconst Map<int, PhysicalKeyboardKey> kFuchsiaToPhysicalKey = <int, PhysicalKeyboardKey>{\n      ^\norg-dartlang-app:///packages/flutter/src/services/keyboard_maps.dart:997:7: Error: Expected 0 type arguments.\nconst Map<int, PhysicalKeyboardKey> kMacOsToPhysicalKey = <int, PhysicalKeyboardKey>{\n      ^\norg-dartlang-app:///packages/flutter/src/services/keyboard_maps.dart:1121:7: Error: Expected 0 type arguments.\nconst Map<int, LogicalKeyboardKey> kMacOsNumPadMap = <int, LogicalKeyboardKey>{\n      ^\norg-dartlang-app:///packages/flutter/src/services/keyboard_maps.dart:1142:7: Error: Expected 0 type arguments.\nconst Map<int, LogicalKeyboardKey> kGlfwToLogicalKey = <int, LogicalKeyboardKey>{\n      ^\norg-dartlang-app:///packages/flutter/src/services/keyboard_maps.dart:1260:7: Error: Expected 0 type arguments.\nconst Map<int, LogicalKeyboardKey> kGlfwNumpadMap = <int, LogicalKeyboardKey>{\n      ^\norg-dartlang-app:///packages/flutter/src/services/keyboard_maps.dart:1279:7: Error: Expected 0 type arguments.\nconst Map<int, PhysicalKeyboardKey> kLinuxToPhysicalKey = <int, PhysicalKeyboardKey>{\n      ^\norg-dartlang-app:///packages/flutter/src/services/system_navigator.dart:22:10: Error: Expected 0 type arguments.\n  static Future<void> pop() async {\n         ^\norg-dartlang-app:///packages/flutter/src/services/raw_keyboard.dart:163:3: Error: Expected 0 type arguments.\n  Map<ModifierKey, KeyboardSide> get modifiersPressed {\n  ^\norg-dartlang-app:///packages/flutter/src/services/raw_keyboard.dart:246:35: Error: Expected 0 type arguments.\n  factory RawKeyEvent.fromMessage(Map<String, dynamic> message) {\n                                  ^\norg-dartlang-app:///packages/flutter/src/services/raw_keyboard.dart:472:9: Error: Expected 0 type arguments.\n  final List<ValueChanged<RawKeyEvent>> _listeners = <ValueChanged<RawKeyEvent>>[];\n        ^\norg-dartlang-app:///packages/flutter/src/services/raw_keyboard.dart:488:3: Error: Expected 0 type arguments.\n  Future<dynamic> _handleKeyEvent(dynamic message) async {\n  ^\norg-dartlang-app:///packages/flutter/src/services/raw_keyboard.dart:509:9: Error: Expected 0 type arguments.\n  final Set<LogicalKeyboardKey> _keysPressed = <LogicalKeyboardKey>{};\n        ^\norg-dartlang-app:///packages/flutter/src/services/raw_keyboard.dart:512:3: Error: Expected 0 type arguments.\n  Set<LogicalKeyboardKey> get keysPressed {\n  ^\norg-dartlang-app:///packages/flutter/src/services/platform_views.dart:64:3: Error: Expected 0 type arguments.\n  Future<void> _onMethodCall(MethodCall call) {\n  ^\norg-dartlang-app:///packages/flutter/src/services/platform_views.dart:81:18: Error: Type 'VoidCallback' not found.\n  final Map<int, VoidCallback> _focusCallbacks = <int, VoidCallback>{};\n                 ^^^^^^^^^^^^\norg-dartlang-app:///packages/flutter/src/services/platform_views.dart:81:9: Error: Expected 0 type arguments.\n  final Map<int, VoidCallback> _focusCallbacks = <int, VoidCallback>{};\n        ^\norg-dartlang-app:///packages/flutter/src/services/platform_views.dart:111:15: Error: Type 'TextDirection' not found.\n    @required TextDirection layoutDirection,\n              ^^^^^^^^^^^^^\norg-dartlang-app:///packages/flutter/src/services/platform_views.dart:114:5: Error: Type 'VoidCallback' not found.\n    VoidCallback onFocus,\n    ^^^^^^^^^^^^\norg-dartlang-app:///packages/flutter/src/services/platform_views.dart:142:10: Error: Expected 0 type arguments.\n  static Future<UiKitViewController> initUiKitView({\n         ^\norg-dartlang-app:///packages/flutter/src/services/platform_views.dart:145:15: Error: Type 'TextDirection' not found.\n    @required TextDirection layoutDirection,\n              ^^^^^^^^^^^^^\norg-dartlang-app:///packages/flutter/src/services/platform_views.dart:207:3: Error: Expected 0 type arguments.\n  List<int> _asList() => <int>[id, toolType];\n  ^\norg-dartlang-app:///packages/flutter/src/services/platform_views.dart:279:3: Error: Expected 0 type arguments.\n  List<double> _asList() {\n  ^\norg-dartlang-app:///packages/flutter/src/services/platform_views.dart:359:9: Error: Expected 0 type arguments.\n  final List<AndroidPointerProperties> pointerProperties;\n        ^\norg-dartlang-app:///packages/flutter/src/services/platform_views.dart:362:9: Error: Expected 0 type arguments.\n  final List<AndroidPointerCoords> pointerCoords;\n        ^\norg-dartlang-app:///packages/flutter/src/services/platform_views.dart:400:3: Error: Expected 0 type arguments.\n  List<dynamic> _asList(int viewId) {\n  ^\norg-dartlang-app:///packages/flutter/src/services/platform_views.dart:443:5: Error: Type 'TextDirection' not found.\n    TextDirection layoutDirection,\n    ^^^^^^^^^^^^^\norg-dartlang-app:///packages/flutter/src/services/platform_views.dart:504:3: Error: Type 'TextDirection' not found.\n  TextDirection _layoutDirection;\n  ^^^^^^^^^^^^^\norg-dartlang-app:///packages/flutter/src/services/platform_views.dart:512:9: Error: Expected 0 type arguments.\n  final List<PlatformViewCreatedCallback> _platformViewCreatedCallbacks = <PlatformViewCreatedCallback>[];\n        ^\norg-dartlang-app:///packages/flutter/src/services/platform_views.dart:536:3: Error: Expected 0 type arguments.\n  Future<void> dispose() async {\n  ^\norg-dartlang-app:///packages/flutter/src/services/platform_views.dart:549:3: Error: Expected 0 type arguments.\n  Future<void> setSize(Size size) async {\n  ^\norg-dartlang-app:///packages/flutter/src/services/platform_views.dart:549:24: Error: Type 'Size' not found.\n  Future<void> setSize(Size size) async {\n                       ^^^^\norg-dartlang-app:///packages/flutter/src/services/platform_views.dart:566:3: Error: Expected 0 type arguments.\n  Future<void> setLayoutDirection(TextDirection layoutDirection) async {\n  ^\norg-dartlang-app:///packages/flutter/src/services/platform_views.dart:566:35: Error: Type 'TextDirection' not found.\n  Future<void> setLayoutDirection(TextDirection layoutDirection) async {\n                                  ^^^^^^^^^^^^^\norg-dartlang-app:///packages/flutter/src/services/platform_views.dart:587:3: Error: Expected 0 type arguments.\n  Future<void> clearFocus() {\n  ^\norg-dartlang-app:///packages/flutter/src/services/platform_views.dart:594:35: Error: Type 'TextDirection' not found.\n  static int _getAndroidDirection(TextDirection direction) {\n                                  ^^^^^^^^^^^^^\norg-dartlang-app:///packages/flutter/src/services/platform_views.dart:611:3: Error: Expected 0 type arguments.\n  Future<void> sendMotionEvent(AndroidMotionEvent event) async {\n  ^\norg-dartlang-app:///packages/flutter/src/services/platform_views.dart:623:3: Error: Expected 0 type arguments.\n  Future<void> _create(Size size) async {\n  ^\norg-dartlang-app:///packages/flutter/src/services/platform_views.dart:623:24: Error: Type 'Size' not found.\n  Future<void> _create(Size size) async {\n                       ^^^^\norg-dartlang-app:///packages/flutter/src/services/platform_views.dart:653:5: Error: Type 'TextDirection' not found.\n    TextDirection layoutDirection,\n    ^^^^^^^^^^^^^\norg-dartlang-app:///packages/flutter/src/services/platform_views.dart:667:3: Error: Type 'TextDirection' not found.\n  TextDirection _layoutDirection;\n  ^^^^^^^^^^^^^\norg-dartlang-app:///packages/flutter/src/services/platform_views.dart:670:3: Error: Expected 0 type arguments.\n  Future<void> setLayoutDirection(TextDirection layoutDirection) async {\n  ^\norg-dartlang-app:///packages/flutter/src/services/platform_views.dart:670:35: Error: Type 'TextDirection' not found.\n  Future<void> setLayoutDirection(TextDirection layoutDirection) async {\n                                  ^^^^^^^^^^^^^\norg-dartlang-app:///packages/flutter/src/services/platform_views.dart:687:3: Error: Expected 0 type arguments.\n  Future<void> acceptGesture() {\n  ^\norg-dartlang-app:///packages/flutter/src/services/platform_views.dart:699:3: Error: Expected 0 type arguments.\n  Future<void> rejectGesture() {\n  ^\norg-dartlang-app:///packages/flutter/src/services/platform_views.dart:711:3: Error: Expected 0 type arguments.\n  Future<void> dispose() async {\n  ^\norg-dartlang-app:///packages/flutter/src/services/asset_bundle.dart:55:10: Error: Type 'ByteData' not found.\n  Future<ByteData> load(String key);\n         ^^^^^^^^\norg-dartlang-app:///packages/flutter/src/services/asset_bundle.dart:55:3: Error: Expected 0 type arguments.\n  Future<ByteData> load(String key);\n  ^\norg-dartlang-app:///packages/flutter/src/services/asset_bundle.dart:66:3: Error: Expected 0 type arguments.\n  Future<String> loadString(String key, { bool cache = true }) async {\n  ^\norg-dartlang-app:///packages/flutter/src/services/asset_bundle.dart:78:29: Error: Type 'ByteData' not found.\n  static String _utf8decode(ByteData data) {\n                            ^^^^^^^^\norg-dartlang-app:///packages/flutter/src/services/asset_bundle.dart:87:3: Error: Expected 0 type arguments.\n  Future<T> loadStructuredData<T>(String key, Future<T> parser(String value));\n  ^\norg-dartlang-app:///packages/flutter/src/services/asset_bundle.dart:87:47: Error: Expected 0 type arguments.\n  Future<T> loadStructuredData<T>(String key, Future<T> parser(String value));\n                                              ^\norg-dartlang-app:///packages/flutter/src/services/asset_bundle.dart:105:22: Error: Type 'Uri' not found.\n  NetworkAssetBundle(Uri baseUrl)\n                     ^^^\norg-dartlang-app:///packages/flutter/src/services/asset_bundle.dart:109:9: Error: Type 'Uri' not found.\n  final Uri _baseUrl;\n        ^^^\norg-dartlang-app:///packages/flutter/src/services/asset_bundle.dart:110:9: Error: Type 'HttpClient' not found.\n  final HttpClient _httpClient;\n        ^^^^^^^^^^\norg-dartlang-app:///packages/flutter/src/services/asset_bundle.dart:112:3: Error: Type 'Uri' not found.\n  Uri _urlFromKey(String key) => _baseUrl.resolve(key);\n  ^^^\norg-dartlang-app:///packages/flutter/src/services/asset_bundle.dart:115:10: Error: Type 'ByteData' not found.\n  Future<ByteData> load(String key) async {\n         ^^^^^^^^\norg-dartlang-app:///packages/flutter/src/services/asset_bundle.dart:115:3: Error: Expected 0 type arguments.\n  Future<ByteData> load(String key) async {\n  ^\norg-dartlang-app:///packages/flutter/src/services/asset_bundle.dart:133:3: Error: Expected 0 type arguments.\n  Future<T> loadStructuredData<T>(String key, Future<T> parser(String value)) async {\n  ^\norg-dartlang-app:///packages/flutter/src/services/asset_bundle.dart:133:47: Error: Expected 0 type arguments.\n  Future<T> loadStructuredData<T>(String key, Future<T> parser(String value)) async {\n                                              ^\norg-dartlang-app:///packages/flutter/src/services/asset_bundle.dart:156:21: Error: Expected 0 type arguments.\n  final Map<String, Future<String>> _stringCache = <String, Future<String>>{};\n                    ^\norg-dartlang-app:///packages/flutter/src/services/asset_bundle.dart:156:9: Error: Expected 0 type arguments.\n  final Map<String, Future<String>> _stringCache = <String, Future<String>>{};\n        ^\norg-dartlang-app:///packages/flutter/src/services/asset_bundle.dart:157:21: Error: Expected 0 type arguments.\n  final Map<String, Future<dynamic>> _structuredDataCache = <String, Future<dynamic>>{};\n                    ^\norg-dartlang-app:///packages/flutter/src/services/asset_bundle.dart:157:9: Error: Expected 0 type arguments.\n  final Map<String, Future<dynamic>> _structuredDataCache = <String, Future<dynamic>>{};\n        ^\norg-dartlang-app:///packages/flutter/src/services/asset_bundle.dart:160:3: Error: Expected 0 type arguments.\n  Future<String> loadString(String key, { bool cache = true }) {\n  ^\norg-dartlang-app:///packages/flutter/src/services/asset_bundle.dart:177:3: Error: Expected 0 type arguments.\n  Future<T> loadStructuredData<T>(String key, Future<T> parser(String value)) {\n  ^\norg-dartlang-app:///packages/flutter/src/services/asset_bundle.dart:177:47: Error: Expected 0 type arguments.\n  Future<T> loadStructuredData<T>(String key, Future<T> parser(String value)) {\n                                              ^\norg-dartlang-app:///packages/flutter/src/services/asset_bundle.dart:216:10: Error: Type 'ByteData' not found.\n  Future<ByteData> load(String key) async {\n         ^^^^^^^^\norg-dartlang-app:///packages/flutter/src/services/asset_bundle.dart:216:3: Error: Expected 0 type arguments.\n  Future<ByteData> load(String key) async {\n  ^\norg-dartlang-app:///packages/flutter/src/services/binding.dart:42:3: Error: Expected 0 type arguments.\n  Stream<LicenseEntry> _addLicenses() async* {\n  ^\norg-dartlang-app:///packages/flutter/src/services/binding.dart:72:10: Error: Expected 0 type arguments.\n  static List<LicenseEntry> _parseLicenses(String rawLicenses) {\n         ^\norg-dartlang-app:///packages/flutter/src/services/haptic_feedback.dart:23:10: Error: Expected 0 type arguments.\n  static Future<void> vibrate() async {\n         ^\norg-dartlang-app:///packages/flutter/src/services/haptic_feedback.dart:34:10: Error: Expected 0 type arguments.\n  static Future<void> lightImpact() async {\n         ^\norg-dartlang-app:///packages/flutter/src/services/haptic_feedback.dart:48:10: Error: Expected 0 type arguments.\n  static Future<void> mediumImpact() async {\n         ^\norg-dartlang-app:///packages/flutter/src/services/haptic_feedback.dart:63:10: Error: Expected 0 type arguments.\n  static Future<void> heavyImpact() async {\n         ^\norg-dartlang-app:///packages/flutter/src/services/haptic_feedback.dart:76:10: Error: Expected 0 type arguments.\n  static Future<void> selectionClick() async {\n         ^\norg-dartlang-app:///packages/flutter/src/foundation/annotations.dart:50:9: Error: Expected 0 type arguments.\n  final List<String> sections;\n        ^\norg-dartlang-app:///packages/flutter/src/foundation/assertions.dart:17:32: Error: Expected 0 type arguments.\ntypedef InformationCollector = Iterable<DiagnosticsNode> Function();\n                               ^\norg-dartlang-app:///packages/flutter/src/foundation/assertions.dart:19:61: Error: Expected 0 type arguments.\nabstract class _ErrorDiagnostic extends DiagnosticsProperty<List<Object>> {\n                                                            ^\norg-dartlang-app:///packages/flutter/src/foundation/assertions.dart:64:5: Error: Expected 0 type arguments.\n    List<Object> messageParts, {\n    ^\norg-dartlang-app:///packages/flutter/src/foundation/assertions.dart:112:31: Error: Expected 0 type arguments.\n  ErrorDescription._fromParts(List<Object> messageParts) : super._fromParts(messageParts, level: DiagnosticLevel.info);\n                              ^\norg-dartlang-app:///packages/flutter/src/foundation/assertions.dart:146:27: Error: Expected 0 type arguments.\n  ErrorSummary._fromParts(List<Object> messageParts) : super._fromParts(messageParts, level: DiagnosticLevel.summary);\n                          ^\norg-dartlang-app:///packages/flutter/src/foundation/assertions.dart:176:24: Error: Expected 0 type arguments.\n  ErrorHint._fromParts(List<Object> messageParts) : super._fromParts(messageParts, level:DiagnosticLevel.hint);\n                       ^\norg-dartlang-app:///packages/flutter/src/foundation/assertions.dart:230:9: Error: Type 'StackTrace' not found.\n  final StackTrace stack;\n        ^^^^^^^^^^\norg-dartlang-app:///packages/flutter/src/foundation/assertions.dart:456:28: Error: Type 'Error' not found.\nclass FlutterError extends Error with DiagnosticableTreeMixin implements AssertionError {\n                           ^^^^^\norg-dartlang-app:///packages/flutter/src/foundation/assertions.dart:456:74: Error: Type 'AssertionError' not found.\nclass FlutterError extends Error with DiagnosticableTreeMixin implements AssertionError {\n                                                                         ^^^^^^^^^^^^^^\norg-dartlang-app:///packages/flutter/src/foundation/assertions.dart:556:9: Error: Expected 0 type arguments.\n  final List<DiagnosticsNode> diagnostics;\n        ^\norg-dartlang-app:///packages/flutter/src/foundation/assertions.dart:642:10: Error: Expected 0 type arguments.\n  static Iterable<String> defaultStackFilter(Iterable<String> frames) {\n         ^\norg-dartlang-app:///packages/flutter/src/foundation/assertions.dart:642:46: Error: Expected 0 type arguments.\n  static Iterable<String> defaultStackFilter(Iterable<String> frames) {\n                                             ^\norg-dartlang-app:///packages/flutter/src/foundation/assertions.dart:752:5: Error: Type 'StackTrace' not found.\n    StackTrace stack, {\n    ^^^^^^^^^^\norg-dartlang-app:///packages/flutter/src/foundation/basic_types.dart:40:29: Error: Expected 0 type arguments.\ntypedef IterableFilter<T> = Iterable<T> Function(Iterable<T> input);\n                            ^\norg-dartlang-app:///packages/flutter/src/foundation/basic_types.dart:40:50: Error: Expected 0 type arguments.\ntypedef IterableFilter<T> = Iterable<T> Function(Iterable<T> input);\n                                                 ^\norg-dartlang-app:///packages/flutter/src/foundation/basic_types.dart:50:25: Error: Expected 0 type arguments.\ntypedef AsyncCallback = Future<void> Function();\n                        ^\norg-dartlang-app:///packages/flutter/src/foundation/basic_types.dart:59:31: Error: Expected 0 type arguments.\ntypedef AsyncValueSetter<T> = Future<void> Function(T value);\n                              ^\norg-dartlang-app:///packages/flutter/src/foundation/basic_types.dart:67:31: Error: Expected 0 type arguments.\ntypedef AsyncValueGetter<T> = Future<T> Function();\n                              ^\norg-dartlang-app:///packages/flutter/src/foundation/basic_types.dart:105:34: Error: Type 'IterableBase' not found.\nclass CachingIterable<E> extends IterableBase<E> {\n                                 ^^^^^^^^^^^^\norg-dartlang-app:///packages/flutter/src/foundation/basic_types.dart:105:34: Error: Expected 0 type arguments.\nclass CachingIterable<E> extends IterableBase<E> {\n                                 ^\norg-dartlang-app:///packages/flutter/src/foundation/basic_types.dart:129:9: Error: Expected 0 type arguments.\n  final Iterator<E> _prefillIterator;\n        ^\norg-dartlang-app:///packages/flutter/src/foundation/basic_types.dart:130:9: Error: Expected 0 type arguments.\n  final List<E> _results = <E>[];\n        ^\norg-dartlang-app:///packages/flutter/src/foundation/basic_types.dart:133:3: Error: Expected 0 type arguments.\n  Iterator<E> get iterator {\n  ^\norg-dartlang-app:///packages/flutter/src/foundation/basic_types.dart:138:3: Error: Expected 0 type arguments.\n  Iterable<T> map<T>(T f(E e)) {\n  ^\norg-dartlang-app:///packages/flutter/src/foundation/basic_types.dart:143:3: Error: Expected 0 type arguments.\n  Iterable<E> where(bool test(E element)) {\n  ^\norg-dartlang-app:///packages/flutter/src/foundation/basic_types.dart:148:3: Error: Expected 0 type arguments.\n  Iterable<T> expand<T>(Iterable<T> f(E element)) {\n  ^\norg-dartlang-app:///packages/flutter/src/foundation/basic_types.dart:148:25: Error: Expected 0 type arguments.\n  Iterable<T> expand<T>(Iterable<T> f(E element)) {\n                        ^\norg-dartlang-app:///packages/flutter/src/foundation/basic_types.dart:153:3: Error: Expected 0 type arguments.\n  Iterable<E> take(int count) {\n  ^\norg-dartlang-app:///packages/flutter/src/foundation/basic_types.dart:158:3: Error: Expected 0 type arguments.\n  Iterable<E> takeWhile(bool test(E value)) {\n  ^\norg-dartlang-app:///packages/flutter/src/foundation/basic_types.dart:163:3: Error: Expected 0 type arguments.\n  Iterable<E> skip(int count) {\n  ^\norg-dartlang-app:///packages/flutter/src/foundation/basic_types.dart:168:3: Error: Expected 0 type arguments.\n  Iterable<E> skipWhile(bool test(E value)) {\n  ^\norg-dartlang-app:///packages/flutter/src/foundation/basic_types.dart:179:3: Error: Expected 0 type arguments.\n  List<E> toList({ bool growable = true }) {\n  ^\norg-dartlang-app:///packages/flutter/src/foundation/basic_types.dart:196:39: Error: Expected 0 type arguments.\nclass _LazyListIterator<E> implements Iterator<E> {\n                                      ^\norg-dartlang-app:///packages/flutter/src/foundation/binding.dart:28:43: Error: Expected 0 type arguments.\ntypedef ServiceExtensionCallback = Future<Map<String, dynamic>> Function(Map<String, String> parameters);\n                                          ^\norg-dartlang-app:///packages/flutter/src/foundation/binding.dart:28:36: Error: Expected 0 type arguments.\ntypedef ServiceExtensionCallback = Future<Map<String, dynamic>> Function(Map<String, String> parameters);\n                                   ^\norg-dartlang-app:///packages/flutter/src/foundation/binding.dart:28:74: Error: Expected 0 type arguments.\ntypedef ServiceExtensionCallback = Future<Map<String, dynamic>> Function(Map<String, String> parameters);\n                                                                         ^\norg-dartlang-app:///packages/flutter/src/foundation/binding.dart:87:3: Error: Type 'ui.Window' not found.\n  ui.Window get window => ui.window;\n  ^^^^^^^^^\norg-dartlang-app:///packages/flutter/src/foundation/binding.dart:208:3: Error: Expected 0 type arguments.\n  Future<void> lockEvents(Future<void> callback()) {\n  ^\norg-dartlang-app:///packages/flutter/src/foundation/binding.dart:208:27: Error: Expected 0 type arguments.\n  Future<void> lockEvents(Future<void> callback()) {\n                          ^\norg-dartlang-app:///packages/flutter/src/foundation/binding.dart:252:3: Error: Expected 0 type arguments.\n  Future<void> reassembleApplication() {\n  ^\norg-dartlang-app:///packages/flutter/src/foundation/binding.dart:268:3: Error: Expected 0 type arguments.\n  Future<void> performReassemble() {\n  ^\norg-dartlang-app:///packages/flutter/src/foundation/binding.dart:390:36: Error: Expected 0 type arguments.\n  void postEvent(String eventKind, Map<String, dynamic> eventData) {\n                                   ^\norg-dartlang-app:///packages/flutter/src/foundation/binding.dart:544:1: Error: Expected 0 type arguments.\nFuture<void> _exitApplication() async {\n^\norg-dartlang-app:///packages/flutter/src/foundation/change_notifier.dart:65:28: Error: Expected 0 type arguments.\n  factory Listenable.merge(List<Listenable> listenables) = _MergingListenable;\n                           ^\norg-dartlang-app:///packages/flutter/src/foundation/change_notifier.dart:68:20: Error: Type 'VoidCallback' not found.\n  void addListener(VoidCallback listener);\n                   ^^^^^^^^^^^^\norg-dartlang-app:///packages/flutter/src/foundation/change_notifier.dart:72:23: Error: Type 'VoidCallback' not found.\n  void removeListener(VoidCallback listener);\n                      ^^^^^^^^^^^^\norg-dartlang-app:///packages/flutter/src/foundation/change_notifier.dart:100:16: Error: Type 'VoidCallback' not found.\n  ObserverList<VoidCallback> _listeners = ObserverList<VoidCallback>();\n               ^^^^^^^^^^^^\norg-dartlang-app:///packages/flutter/src/foundation/change_notifier.dart:140:20: Error: Type 'VoidCallback' not found.\n  void addListener(VoidCallback listener) {\n                   ^^^^^^^^^^^^\norg-dartlang-app:///packages/flutter/src/foundation/change_notifier.dart:165:23: Error: Type 'VoidCallback' not found.\n  void removeListener(VoidCallback listener) {\n                      ^^^^^^^^^^^^\norg-dartlang-app:///packages/flutter/src/foundation/change_notifier.dart:230:9: Error: Expected 0 type arguments.\n  final List<Listenable> _children;\n        ^\norg-dartlang-app:///packages/flutter/src/foundation/change_notifier.dart:233:20: Error: Type 'VoidCallback' not found.\n  void addListener(VoidCallback listener) {\n                   ^^^^^^^^^^^^\norg-dartlang-app:///packages/flutter/src/foundation/change_notifier.dart:240:23: Error: Type 'VoidCallback' not found.\n  void removeListener(VoidCallback listener) {\n                      ^^^^^^^^^^^^\norg-dartlang-app:///packages/flutter/src/foundation/collections.dart:16:19: Error: Expected 0 type arguments.\nbool setEquals<T>(Set<T> a, Set<T> b) {\n                  ^\norg-dartlang-app:///packages/flutter/src/foundation/collections.dart:16:29: Error: Expected 0 type arguments.\nbool setEquals<T>(Set<T> a, Set<T> b) {\n                            ^\norg-dartlang-app:///packages/flutter/src/foundation/collections.dart:37:20: Error: Expected 0 type arguments.\nbool listEquals<T>(List<T> a, List<T> b) {\n                   ^\norg-dartlang-app:///packages/flutter/src/foundation/collections.dart:37:31: Error: Expected 0 type arguments.\nbool listEquals<T>(List<T> a, List<T> b) {\n                              ^\norg-dartlang-app:///packages/flutter/src/foundation/collections.dart:53:28: Error: Type 'Comparable' not found.\nint binarySearch<T extends Comparable<Object>>(List<T> sortedList, T value) {\n                           ^^^^^^^^^^\norg-dartlang-app:///packages/flutter/src/foundation/collections.dart:53:28: Error: Expected 0 type arguments.\nint binarySearch<T extends Comparable<Object>>(List<T> sortedList, T value) {\n                           ^\norg-dartlang-app:///packages/flutter/src/foundation/collections.dart:53:48: Error: Expected 0 type arguments.\nint binarySearch<T extends Comparable<Object>>(List<T> sortedList, T value) {\n                                               ^\norg-dartlang-app:///packages/flutter/src/foundation/consolidate_response.dart:46:8: Error: Type 'Uint8List' not found.\nFuture<Uint8List> consolidateHttpClientResponseBytes(\n       ^^^^^^^^^\norg-dartlang-app:///packages/flutter/src/foundation/consolidate_response.dart:46:1: Error: Expected 0 type arguments.\nFuture<Uint8List> consolidateHttpClientResponseBytes(\n^\norg-dartlang-app:///packages/flutter/src/foundation/consolidate_response.dart:47:3: Error: Type 'HttpClientResponse' not found.\n  HttpClientResponse response, {\n  ^^^^^^^^^^^^^^^^^^\norg-dartlang-app:///packages/flutter/src/foundation/consolidate_response.dart:98:29: Error: Type 'ByteConversionSinkBase' not found.\nclass _OutputBuffer extends ByteConversionSinkBase {\n                            ^^^^^^^^^^^^^^^^^^^^^^\norg-dartlang-app:///packages/flutter/src/foundation/consolidate_response.dart:99:8: Error: Expected 0 type arguments.\n  List<List<int>> _chunks = <List<int>>[];\n       ^\norg-dartlang-app:///packages/flutter/src/foundation/consolidate_response.dart:99:3: Error: Expected 0 type arguments.\n  List<List<int>> _chunks = <List<int>>[];\n  ^\norg-dartlang-app:///packages/flutter/src/foundation/consolidate_response.dart:101:3: Error: Type 'Uint8List' not found.\n  Uint8List _bytes;\n  ^^^^^^^^^\norg-dartlang-app:///packages/flutter/src/foundation/consolidate_response.dart:104:12: Error: Expected 0 type arguments.\n  void add(List<int> chunk) {\n           ^\norg-dartlang-app:///packages/flutter/src/foundation/consolidate_response.dart:125:3: Error: Type 'Uint8List' not found.\n  Uint8List get bytes {\n  ^^^^^^^^^\norg-dartlang-app:///packages/flutter/src/foundation/debug.dart:53:1: Error: Expected 0 type arguments.\nFuture<T> debugInstrumentAction<T>(String description, Future<T> action()) {\n^\norg-dartlang-app:///packages/flutter/src/foundation/debug.dart:53:56: Error: Expected 0 type arguments.\nFuture<T> debugInstrumentAction<T>(String description, Future<T> action()) {\n                                                       ^\norg-dartlang-app:///packages/flutter/src/foundation/debug.dart:74:7: Error: Expected 0 type arguments.\nconst Map<String, String> timelineWhitelistArguments = <String, String>{\n      ^\norg-dartlang-app:///packages/flutter/src/foundation/diagnostics.dart:810:9: Error: Type 'StringBuffer' not found.\n  final StringBuffer _buffer = StringBuffer();\n        ^^^^^^^^^^^^\norg-dartlang-app:///packages/flutter/src/foundation/diagnostics.dart:812:9: Error: Type 'StringBuffer' not found.\n  final StringBuffer _currentLine = StringBuffer();\n        ^^^^^^^^^^^^\norg-dartlang-app:///packages/flutter/src/foundation/diagnostics.dart:815:9: Error: Expected 0 type arguments.\n  final List<int> _wrappableRanges = <int>[];\n        ^\norg-dartlang-app:///packages/flutter/src/foundation/diagnostics.dart:869:11: Error: Expected 0 type arguments.\n   static Iterable<String> _wordWrapLine(String message, List<int> wrapRanges, int width, { int startOffset = 0, int otherLineOffset = 0}) sync* {\n          ^\norg-dartlang-app:///packages/flutter/src/foundation/diagnostics.dart:869:58: Error: Expected 0 type arguments.\n   static Iterable<String> _wordWrapLine(String message, List<int> wrapRanges, int width, { int startOffset = 0, int otherLineOffset = 0}) sync* {\n                                                         ^\norg-dartlang-app:///packages/flutter/src/foundation/diagnostics.dart:1517:3: Error: Expected 0 type arguments.\n  List<DiagnosticsNode> getProperties();\n  ^\norg-dartlang-app:///packages/flutter/src/foundation/diagnostics.dart:1524:3: Error: Expected 0 type arguments.\n  List<DiagnosticsNode> getChildren();\n  ^\norg-dartlang-app:///packages/flutter/src/foundation/diagnostics.dart:1540:3: Error: Expected 0 type arguments.\n  Map<String, Object> toJsonMap(DiagnosticsSerializationDelegate delegate) {\n  ^\norg-dartlang-app:///packages/flutter/src/foundation/diagnostics.dart:1606:15: Error: Expected 0 type arguments.\n  static List<Map<String, Object>> toJsonList(\n              ^\norg-dartlang-app:///packages/flutter/src/foundation/diagnostics.dart:1606:10: Error: Expected 0 type arguments.\n  static List<Map<String, Object>> toJsonList(\n         ^\norg-dartlang-app:///packages/flutter/src/foundation/diagnostics.dart:1607:7: Error: Expected 0 type arguments.\n      List<DiagnosticsNode> nodes,\n      ^\norg-dartlang-app:///packages/flutter/src/foundation/diagnostics.dart:1823:3: Error: Expected 0 type arguments.\n  Map<String, Object> toJsonMap(DiagnosticsSerializationDelegate delegate) {\n  ^\norg-dartlang-app:///packages/flutter/src/foundation/diagnostics.dart:1896:3: Error: Expected 0 type arguments.\n  Map<String, Object> toJsonMap(DiagnosticsSerializationDelegate delegate) {\n  ^\norg-dartlang-app:///packages/flutter/src/foundation/diagnostics.dart:2132:3: Error: Expected 0 type arguments.\n  Map<String, Object> toJsonMap(DiagnosticsSerializationDelegate delegate) {\n  ^\norg-dartlang-app:///packages/flutter/src/foundation/diagnostics.dart:2198:55: Error: Expected 0 type arguments.\nclass IterableProperty<T> extends DiagnosticsProperty<Iterable<T>> {\n                                                      ^\norg-dartlang-app:///packages/flutter/src/foundation/diagnostics.dart:2210:5: Error: Expected 0 type arguments.\n    Iterable<T> value, {\n    ^\norg-dartlang-app:///packages/flutter/src/foundation/diagnostics.dart:2266:3: Error: Expected 0 type arguments.\n  Map<String, Object> toJsonMap(DiagnosticsSerializationDelegate delegate) {\n  ^\norg-dartlang-app:///packages/flutter/src/foundation/diagnostics.dart:2417:3: Error: Expected 0 type arguments.\n  Map<String, Object> toJsonMap(DiagnosticsSerializationDelegate delegate) {\n  ^\norg-dartlang-app:///packages/flutter/src/foundation/diagnostics.dart:2544:3: Error: Expected 0 type arguments.\n  Map<String, Object> toJsonMap(DiagnosticsSerializationDelegate delegate) {\n  ^\norg-dartlang-app:///packages/flutter/src/foundation/diagnostics.dart:2743:3: Error: Expected 0 type arguments.\n  List<DiagnosticsNode> getProperties() {\n  ^\norg-dartlang-app:///packages/flutter/src/foundation/diagnostics.dart:2757:3: Error: Expected 0 type arguments.\n  List<DiagnosticsNode> getChildren() {\n  ^\norg-dartlang-app:///packages/flutter/src/foundation/diagnostics.dart:2811:3: Error: Expected 0 type arguments.\n  List<DiagnosticsNode> getProperties() => kReleaseMode ? const <DiagnosticsNode>[] : _builder.properties;\n  ^\norg-dartlang-app:///packages/flutter/src/foundation/diagnostics.dart:2814:3: Error: Expected 0 type arguments.\n  List<DiagnosticsNode> getChildren() {\n  ^\norg-dartlang-app:///packages/flutter/src/foundation/diagnostics.dart:2841:3: Error: Expected 0 type arguments.\n  List<DiagnosticsNode> getChildren() {\n  ^\norg-dartlang-app:///packages/flutter/src/foundation/diagnostics.dart:2901:9: Error: Expected 0 type arguments.\n  final List<DiagnosticsNode> properties = <DiagnosticsNode>[];\n        ^\norg-dartlang-app:///packages/flutter/src/foundation/diagnostics.dart:3329:3: Error: Expected 0 type arguments.\n  List<DiagnosticsNode> debugDescribeChildren() => const <DiagnosticsNode>[];\n  ^\norg-dartlang-app:///packages/flutter/src/foundation/diagnostics.dart:3382:3: Error: Expected 0 type arguments.\n  List<DiagnosticsNode> debugDescribeChildren() => const <DiagnosticsNode>[];\n  ^\norg-dartlang-app:///packages/flutter/src/foundation/diagnostics.dart:3406:5: Error: Expected 0 type arguments.\n    List<DiagnosticsNode> children = const<DiagnosticsNode>[],\n    ^\norg-dartlang-app:///packages/flutter/src/foundation/diagnostics.dart:3407:5: Error: Expected 0 type arguments.\n    List<DiagnosticsNode> properties = const <DiagnosticsNode>[],\n    ^\norg-dartlang-app:///packages/flutter/src/foundation/diagnostics.dart:3419:9: Error: Expected 0 type arguments.\n  final List<DiagnosticsNode> _children;\n        ^\norg-dartlang-app:///packages/flutter/src/foundation/diagnostics.dart:3420:9: Error: Expected 0 type arguments.\n  final List<DiagnosticsNode> _properties;\n        ^\norg-dartlang-app:///packages/flutter/src/foundation/diagnostics.dart:3432:3: Error: Expected 0 type arguments.\n  List<DiagnosticsNode> getChildren() => _children;\n  ^\norg-dartlang-app:///packages/flutter/src/foundation/diagnostics.dart:3435:3: Error: Expected 0 type arguments.\n  List<DiagnosticsNode> getProperties() => _properties;\n  ^\norg-dartlang-app:///packages/flutter/src/foundation/diagnostics.dart:3463:3: Error: Expected 0 type arguments.\n  Map<String, Object> additionalNodeProperties(DiagnosticsNode node);\n  ^\norg-dartlang-app:///packages/flutter/src/foundation/diagnostics.dart:3475:3: Error: Expected 0 type arguments.\n  List<DiagnosticsNode> filterChildren(List<DiagnosticsNode> nodes, DiagnosticsNode owner);\n  ^\norg-dartlang-app:///packages/flutter/src/foundation/diagnostics.dart:3475:40: Error: Expected 0 type arguments.\n  List<DiagnosticsNode> filterChildren(List<DiagnosticsNode> nodes, DiagnosticsNode owner);\n                                       ^\norg-dartlang-app:///packages/flutter/src/foundation/diagnostics.dart:3489:3: Error: Expected 0 type arguments.\n  List<DiagnosticsNode> filterProperties(List<DiagnosticsNode> nodes, DiagnosticsNode owner);\n  ^\norg-dartlang-app:///packages/flutter/src/foundation/diagnostics.dart:3489:42: Error: Expected 0 type arguments.\n  List<DiagnosticsNode> filterProperties(List<DiagnosticsNode> nodes, DiagnosticsNode owner);\n                                         ^\norg-dartlang-app:///packages/flutter/src/foundation/diagnostics.dart:3501:3: Error: Expected 0 type arguments.\n  List<DiagnosticsNode> truncateNodesList(List<DiagnosticsNode> nodes, DiagnosticsNode owner);\n  ^\norg-dartlang-app:///packages/flutter/src/foundation/diagnostics.dart:3501:43: Error: Expected 0 type arguments.\n  List<DiagnosticsNode> truncateNodesList(List<DiagnosticsNode> nodes, DiagnosticsNode owner);\n                                          ^\norg-dartlang-app:///packages/flutter/src/foundation/diagnostics.dart:3555:3: Error: Expected 0 type arguments.\n  Map<String, Object> additionalNodeProperties(DiagnosticsNode node) {\n  ^\norg-dartlang-app:///packages/flutter/src/foundation/diagnostics.dart:3568:3: Error: Expected 0 type arguments.\n  List<DiagnosticsNode> filterChildren(List<DiagnosticsNode> nodes, DiagnosticsNode owner) {\n  ^\norg-dartlang-app:///packages/flutter/src/foundation/diagnostics.dart:3568:40: Error: Expected 0 type arguments.\n  List<DiagnosticsNode> filterChildren(List<DiagnosticsNode> nodes, DiagnosticsNode owner) {\n                                       ^\norg-dartlang-app:///packages/flutter/src/foundation/diagnostics.dart:3573:3: Error: Expected 0 type arguments.\n  List<DiagnosticsNode> filterProperties(List<DiagnosticsNode> nodes, DiagnosticsNode owner) {\n  ^\norg-dartlang-app:///packages/flutter/src/foundation/diagnostics.dart:3573:42: Error: Expected 0 type arguments.\n  List<DiagnosticsNode> filterProperties(List<DiagnosticsNode> nodes, DiagnosticsNode owner) {\n                                         ^\norg-dartlang-app:///packages/flutter/src/foundation/diagnostics.dart:3584:3: Error: Expected 0 type arguments.\n  List<DiagnosticsNode> truncateNodesList(List<DiagnosticsNode> nodes, DiagnosticsNode owner) {\n  ^\norg-dartlang-app:///packages/flutter/src/foundation/diagnostics.dart:3584:43: Error: Expected 0 type arguments.\n  List<DiagnosticsNode> truncateNodesList(List<DiagnosticsNode> nodes, DiagnosticsNode owner) {\n                                          ^\norg-dartlang-app:///packages/flutter/src/foundation/isolates.dart:18:33: Error: Expected 0 type arguments.\ntypedef ComputeCallback<Q, R> = FutureOr<R> Function(Q message);\n                                ^\norg-dartlang-app:///packages/flutter/src/foundation/isolates.dart:21:24: Error: Expected 0 type arguments.\ntypedef _ComputeImpl = Future<R> Function<Q, R>(ComputeCallback<Q, R> callback, Q message, { String debugLabel });\n                       ^\norg-dartlang-app:///packages/flutter/src/foundation/licenses.dart:8:33: Error: Expected 0 type arguments.\ntypedef LicenseEntryCollector = Stream<LicenseEntry> Function();\n                                ^\norg-dartlang-app:///packages/flutter/src/foundation/licenses.dart:48:3: Error: Expected 0 type arguments.\n  Iterable<String> get packages;\n  ^\norg-dartlang-app:///packages/flutter/src/foundation/licenses.dart:53:3: Error: Expected 0 type arguments.\n  Iterable<LicenseParagraph> get paragraphs;\n  ^\norg-dartlang-app:///packages/flutter/src/foundation/licenses.dart:124:9: Error: Expected 0 type arguments.\n  final List<String> packages;\n        ^\norg-dartlang-app:///packages/flutter/src/foundation/licenses.dart:142:3: Error: Expected 0 type arguments.\n  Iterable<LicenseParagraph> get paragraphs sync* {\n  ^\norg-dartlang-app:///packages/flutter/src/foundation/licenses.dart:286:10: Error: Expected 0 type arguments.\n  static List<LicenseEntryCollector> _collectors;\n         ^\norg-dartlang-app:///packages/flutter/src/foundation/licenses.dart:303:10: Error: Expected 0 type arguments.\n  static Stream<LicenseEntry> get licenses async* {\n         ^\norg-dartlang-app:///packages/flutter/src/foundation/observer_list.dart:13:31: Error: Expected 0 type arguments.\nclass ObserverList<T> extends Iterable<T> {\n                              ^\norg-dartlang-app:///packages/flutter/src/foundation/observer_list.dart:14:9: Error: Expected 0 type arguments.\n  final List<T> _list = <T>[];\n        ^\norg-dartlang-app:///packages/flutter/src/foundation/observer_list.dart:16:3: Error: Type 'HashSet' not found.\n  HashSet<T> _set;\n  ^^^^^^^\norg-dartlang-app:///packages/flutter/src/foundation/observer_list.dart:16:3: Error: Expected 0 type arguments.\n  HashSet<T> _set;\n  ^\norg-dartlang-app:///packages/flutter/src/foundation/observer_list.dart:53:3: Error: Expected 0 type arguments.\n  Iterator<T> get iterator => _list.iterator;\n  ^\norg-dartlang-app:///packages/flutter/src/foundation/print.dart:55:7: Error: Type 'Duration' not found.\nconst Duration _kDebugPrintPauseTime = Duration(seconds: 1);\n      ^^^^^^^^\norg-dartlang-app:///packages/flutter/src/foundation/print.dart:56:7: Error: Type 'Queue' not found.\nfinal Queue<String> _debugPrintBuffer = Queue<String>();\n      ^^^^^\norg-dartlang-app:///packages/flutter/src/foundation/print.dart:56:7: Error: Expected 0 type arguments.\nfinal Queue<String> _debugPrintBuffer = Queue<String>();\n      ^\norg-dartlang-app:///packages/flutter/src/foundation/print.dart:57:7: Error: Type 'Stopwatch' not found.\nfinal Stopwatch _debugPrintStopwatch = Stopwatch();\n      ^^^^^^^^^\norg-dartlang-app:///packages/flutter/src/foundation/print.dart:58:1: Error: Expected 0 type arguments.\nCompleter<void> _debugPrintCompleter;\n^\norg-dartlang-app:///packages/flutter/src/foundation/print.dart:87:1: Error: Expected 0 type arguments.\nFuture<void> get debugPrintDone => _debugPrintCompleter?.future ?? Future<void>.value();\n^\norg-dartlang-app:///packages/flutter/src/foundation/print.dart:89:7: Error: Type 'RegExp' not found.\nfinal RegExp _indentPattern = RegExp('^ *(?:[-+*] |[0-9]+[.):] )?');\n      ^^^^^^\norg-dartlang-app:///packages/flutter/src/foundation/print.dart:108:1: Error: Expected 0 type arguments.\nIterable<String> debugWordWrap(String message, int width, { String wrapIndent = '' }) sync* {\n^\norg-dartlang-app:///packages/flutter/src/foundation/profile.dart:18:14: Error: Type 'VoidCallback' not found.\nvoid profile(VoidCallback function) {\n             ^^^^^^^^^^^^\norg-dartlang-app:///packages/flutter/src/foundation/serialization.dart:24:3: Error: Type 'ByteData' not found.\n  ByteData _eightBytes;\n  ^^^^^^^^\norg-dartlang-app:///packages/flutter/src/foundation/serialization.dart:25:3: Error: Type 'Uint8List' not found.\n  Uint8List _eightBytesAsList;\n  ^^^^^^^^^\norg-dartlang-app:///packages/flutter/src/foundation/serialization.dart:64:21: Error: Type 'Uint8List' not found.\n  void putUint8List(Uint8List list) {\n                    ^^^^^^^^^\norg-dartlang-app:///packages/flutter/src/foundation/serialization.dart:69:21: Error: Type 'Int32List' not found.\n  void putInt32List(Int32List list) {\n                    ^^^^^^^^^\norg-dartlang-app:///packages/flutter/src/foundation/serialization.dart:75:21: Error: Type 'Int64List' not found.\n  void putInt64List(Int64List list) {\n                    ^^^^^^^^^\norg-dartlang-app:///packages/flutter/src/foundation/serialization.dart:81:23: Error: Type 'Float64List' not found.\n  void putFloat64List(Float64List list) {\n                      ^^^^^^^^^^^\norg-dartlang-app:///packages/flutter/src/foundation/serialization.dart:95:3: Error: Type 'ByteData' not found.\n  ByteData done() {\n  ^^^^^^^^\norg-dartlang-app:///packages/flutter/src/foundation/serialization.dart:111:9: Error: Type 'ByteData' not found.\n  final ByteData data;\n        ^^^^^^^^\norg-dartlang-app:///packages/flutter/src/foundation/serialization.dart:161:3: Error: Type 'Uint8List' not found.\n  Uint8List getUint8List(int length) {\n  ^^^^^^^^^\norg-dartlang-app:///packages/flutter/src/foundation/serialization.dart:168:3: Error: Type 'Int32List' not found.\n  Int32List getInt32List(int length) {\n  ^^^^^^^^^\norg-dartlang-app:///packages/flutter/src/foundation/serialization.dart:176:3: Error: Type 'Int64List' not found.\n  Int64List getInt64List(int length) {\n  ^^^^^^^^^\norg-dartlang-app:///packages/flutter/src/foundation/serialization.dart:184:3: Error: Type 'Float64List' not found.\n  Float64List getFloat64List(int length) {\n  ^^^^^^^^^^^\norg-dartlang-app:///packages/flutter/src/foundation/synchronous_future.dart:17:39: Error: Expected 0 type arguments.\nclass SynchronousFuture<T> implements Future<T> {\n                                      ^\norg-dartlang-app:///packages/flutter/src/foundation/synchronous_future.dart:26:3: Error: Expected 0 type arguments.\n  Stream<T> asStream() {\n  ^\norg-dartlang-app:///packages/flutter/src/foundation/synchronous_future.dart:34:3: Error: Expected 0 type arguments.\n  Future<T> catchError(Function onError, { bool test(dynamic error) }) => Completer<T>().future;\n  ^\norg-dartlang-app:///packages/flutter/src/foundation/synchronous_future.dart:37:3: Error: Expected 0 type arguments.\n  Future<E> then<E>(dynamic f(T value), { Function onError }) {\n  ^\norg-dartlang-app:///packages/flutter/src/foundation/synchronous_future.dart:45:3: Error: Expected 0 type arguments.\n  Future<T> timeout(Duration timeLimit, { dynamic onTimeout() }) {\n  ^\norg-dartlang-app:///packages/flutter/src/foundation/synchronous_future.dart:45:21: Error: Type 'Duration' not found.\n  Future<T> timeout(Duration timeLimit, { dynamic onTimeout() }) {\n                    ^^^^^^^^\norg-dartlang-app:///packages/flutter/src/foundation/synchronous_future.dart:50:3: Error: Expected 0 type arguments.\n  Future<T> whenComplete(dynamic action()) {\n  ^\norg-dartlang-app:///packages/flutter/src/foundation/_isolates_web.dart:8:1: Error: Expected 0 type arguments.\nFuture<R> compute<Q, R>(isolates.ComputeCallback<Q, R> callback, Q message, { String debugLabel }) async {\n^\norg-dartlang-app:///packages/typed_data/typed_buffers.dart:19:44: Error: Type 'ListBase' not found.\nabstract class _TypedDataBuffer<E> extends ListBase<E> {\n                                           ^^^^^^^^\norg-dartlang-app:///packages/typed_data/typed_buffers.dart:19:44: Error: Expected 0 type arguments.\nabstract class _TypedDataBuffer<E> extends ListBase<E> {\n                                           ^\norg-dartlang-app:///packages/typed_data/typed_buffers.dart:26:3: Error: Expected 0 type arguments.\n  List<E> _buffer;\n  ^\norg-dartlang-app:///packages/typed_data/typed_buffers.dart:29:3: Error: Type 'TypedData' not found.\n  TypedData get _typedBuffer => _buffer as TypedData;\n  ^^^^^^^^^\norg-dartlang-app:///packages/typed_data/typed_buffers.dart:34:20: Error: Expected 0 type arguments.\n  _TypedDataBuffer(List<E> buffer)\n                   ^\norg-dartlang-app:///packages/typed_data/typed_buffers.dart:89:15: Error: Expected 0 type arguments.\n  void addAll(Iterable<E> values, [int start = 0, int end]) {\n              ^\norg-dartlang-app:///packages/typed_data/typed_buffers.dart:107:29: Error: Expected 0 type arguments.\n  void insertAll(int index, Iterable<E> values, [int start = 0, int end]) {\n                            ^\norg-dartlang-app:///packages/typed_data/typed_buffers.dart:182:16: Error: Expected 0 type arguments.\n  void _addAll(Iterable<E> values, [int start = 0, int end]) {\n               ^\norg-dartlang-app:///packages/typed_data/typed_buffers.dart:203:38: Error: Expected 0 type arguments.\n  void _insertKnownLength(int index, Iterable<E> values, int start, int end) {\n                                     ^\norg-dartlang-app:///packages/typed_data/typed_buffers.dart:257:3: Error: Expected 0 type arguments.\n  List<E> _createBiggerBuffer(int requiredCapacity) {\n  ^\norg-dartlang-app:///packages/typed_data/typed_buffers.dart:274:37: Error: Expected 0 type arguments.\n  void setRange(int start, int end, Iterable<E> source, [int skipCount = 0]) {\n                                    ^\norg-dartlang-app:///packages/typed_data/typed_buffers.dart:280:38: Error: Expected 0 type arguments.\n  void _setRange(int start, int end, Iterable<E> source, int skipCount) {\n                                     ^\norg-dartlang-app:///packages/typed_data/typed_buffers.dart:302:3: Error: Type 'ByteBuffer' not found.\n  ByteBuffer get buffer => _typedBuffer.buffer;\n  ^^^^^^^^^^\norg-dartlang-app:///packages/typed_data/typed_buffers.dart:311:3: Error: Expected 0 type arguments.\n  List<E> _createBuffer(int size);\n  ^\norg-dartlang-app:///packages/typed_data/typed_buffers.dart:315:14: Error: Expected 0 type arguments.\n  _IntBuffer(List<int> buffer) : super(buffer);\n             ^\norg-dartlang-app:///packages/typed_data/typed_buffers.dart:321:16: Error: Expected 0 type arguments.\n  _FloatBuffer(List<double> buffer) : super(buffer);\n               ^\norg-dartlang-app:///packages/typed_data/typed_buffers.dart:328:3: Error: Type 'Uint8List' not found.\n  Uint8List _createBuffer(int size) => new Uint8List(size);\n  ^^^^^^^^^\norg-dartlang-app:///packages/typed_data/typed_buffers.dart:333:3: Error: Type 'Int8List' not found.\n  Int8List _createBuffer(int size) => new Int8List(size);\n  ^^^^^^^^\norg-dartlang-app:///packages/typed_data/typed_buffers.dart:339:3: Error: Type 'Uint8ClampedList' not found.\n  Uint8ClampedList _createBuffer(int size) => new Uint8ClampedList(size);\n  ^^^^^^^^^^^^^^^^\norg-dartlang-app:///packages/typed_data/typed_buffers.dart:344:3: Error: Type 'Uint16List' not found.\n  Uint16List _createBuffer(int size) => new Uint16List(size);\n  ^^^^^^^^^^\norg-dartlang-app:///packages/typed_data/typed_buffers.dart:349:3: Error: Type 'Int16List' not found.\n  Int16List _createBuffer(int size) => new Int16List(size);\n  ^^^^^^^^^\norg-dartlang-app:///packages/typed_data/typed_buffers.dart:354:3: Error: Type 'Uint32List' not found.\n  Uint32List _createBuffer(int size) => new Uint32List(size);\n  ^^^^^^^^^^\norg-dartlang-app:///packages/typed_data/typed_buffers.dart:359:3: Error: Type 'Int32List' not found.\n  Int32List _createBuffer(int size) => new Int32List(size);\n  ^^^^^^^^^\norg-dartlang-app:///packages/typed_data/typed_buffers.dart:364:3: Error: Type 'Uint64List' not found.\n  Uint64List _createBuffer(int size) => new Uint64List(size);\n  ^^^^^^^^^^\norg-dartlang-app:///packages/typed_data/typed_buffers.dart:369:3: Error: Type 'Int64List' not found.\n  Int64List _createBuffer(int size) => new Int64List(size);\n  ^^^^^^^^^\norg-dartlang-app:///packages/typed_data/typed_buffers.dart:375:3: Error: Type 'Float32List' not found.\n  Float32List _createBuffer(int size) => new Float32List(size);\n  ^^^^^^^^^^^\norg-dartlang-app:///packages/typed_data/typed_buffers.dart:381:3: Error: Type 'Float64List' not found.\n  Float64List _createBuffer(int size) => new Float64List(size);\n  ^^^^^^^^^^^\norg-dartlang-app:///packages/typed_data/typed_buffers.dart:384:46: Error: Type 'Int32x4' not found.\nclass Int32x4Buffer extends _TypedDataBuffer<Int32x4> {\n                                             ^^^^^^^\norg-dartlang-app:///packages/typed_data/typed_buffers.dart:385:10: Error: Type 'Int32x4' not found.\n  static Int32x4 _zero = new Int32x4(0, 0, 0, 0);\n         ^^^^^^^\norg-dartlang-app:///packages/typed_data/typed_buffers.dart:388:3: Error: Type 'Int32x4' not found.\n  Int32x4 get _defaultValue => _zero;\n  ^^^^^^^\norg-dartlang-app:///packages/typed_data/typed_buffers.dart:389:3: Error: Type 'Int32x4List' not found.\n  Int32x4List _createBuffer(int size) => new Int32x4List(size);\n  ^^^^^^^^^^^\norg-dartlang-app:///packages/typed_data/typed_buffers.dart:392:48: Error: Type 'Float32x4' not found.\nclass Float32x4Buffer extends _TypedDataBuffer<Float32x4> {\n                                               ^^^^^^^^^\norg-dartlang-app:///packages/typed_data/typed_buffers.dart:395:3: Error: Type 'Float32x4' not found.\n  Float32x4 get _defaultValue => new Float32x4.zero();\n  ^^^^^^^^^\norg-dartlang-app:///packages/typed_data/typed_buffers.dart:396:3: Error: Type 'Float32x4List' not found.\n  Float32x4List _createBuffer(int size) => new Float32x4List(size);\n  ^^^^^^^^^^^^^\nCrash when compiling dart:core,\nat character offset null:\nNoSuchMethodError: The getter 'length' was called on null.\nReceiver: null\nTried calling: length\n#0      Object.noSuchMethod (dart:core-patch/object_patch.dart:50:5)\n#1      KernelClassBuilder.buildTypeArguments (package:front_end/src/fasta/kernel/kernel_class_builder.dart:185:44)\n#2      KernelClassBuilder.buildType (package:front_end/src/fasta/kernel/kernel_class_builder.dart:205:18)\n#3      KernelNamedTypeBuilder.build (package:front_end/src/fasta/kernel/kernel_named_type_builder.dart:57:24)\n#4      KernelFieldBuilder.build (package:front_end/src/fasta/kernel/kernel_field_builder.dart:72:25)\n#5      KernelEnumBuilder.build (package:front_end/src/fasta/kernel/kernel_enum_builder.dart:299:19)\n#6      KernelLibraryBuilder.buildBuilder (package:front_end/src/fasta/kernel/kernel_library_builder.dart:917:25)\n#7      SourceLibraryBuilder.build (package:front_end/src/fasta/source/source_library_builder.dart:607:7)\n#8      KernelLibraryBuilder.build (package:front_end/src/fasta/kernel/kernel_library_builder.dart:1040:11)\n#9      SourceLoader.buildComponent.<anonymous closure> (package:front_end/src/fasta/source/source_loader.dart:783:40)\n#10     __InternalLinkedHashMap&_HashVMBase&MapMixin&_LinkedHashMapMixin.forEach (dart:collection-patch/compact_hash.dart:367:8)\n#11     SourceLoader.buildComponent (package:front_end/src/fasta/source/source_loader.dart:780:14)\n#12     KernelTarget.buildOutlines.<anonymous closure> (package:front_end/src/fasta/kernel/kernel_target.dart:263:14)\n<asynchronous suspension>\n#13     withCrashReporting (package:front_end/src/fasta/crash.dart:122:24)\n<asynchronous suspension>\n#14     KernelTarget.buildOutlines (package:front_end/src/fasta/kernel/kernel_target.dart:249:12)\n<asynchronous suspension>\n#15     generateKernelInternal.<anonymous closure> (package:front_end/src/kernel_generator_impl.dart:110:28)\n<asynchronous suspension>\n#16     withCrashReporting (package:front_end/src/fasta/crash.dart:122:24)\n<asynchronous suspension>\n#17     generateKernelInternal (package:front_end/src/kernel_generator_impl.dart:58:10)\n<asynchronous suspension>\n#18     generateKernel.<anonymous closure> (package:front_end/src/kernel_generator_impl.dart:41:18)\n<asynchronous suspension>\n#19     CompilerContext.runWithOptions.<anonymous closure> (package:front_end/src/fasta/compiler_context.dart:134:20)\n<asynchronous suspension>\n#20     CompilerContext.runInContext.<anonymous closure>.<anonymous closure> (package:front_end/src/fasta/compiler_context.dart:122:46)\n#21     new Future.sync (dart:async/future.dart:224:31)\n#22     CompilerContext.runInContext.<anonymous closure> (package:front_end/src/fasta/compiler_context.dart:122:19)\n#23     _rootRun (dart:async/zone.dart:1124:13)\n#24     _CustomZone.run (dart:async/zone.dart:1021:19)\n#25     _runZoned (dart:async/zone.dart:1516:10)\n#26     runZoned (dart:async/zone.dart:1463:12)\n#27     CompilerContext.runInContext (package:front_end/src/fasta/compiler_context.dart:121:12)\n#28     CompilerContext.runWithOptions (package:front_end/src/fasta/compiler_context.dart:132:10)\n#29     generateKernel (package:front_end/src/kernel_generator_impl.dart:40:32)\n<asynchronous suspension>\n#30     _compile (package:front_end/src/api_unstable/bazel_worker.dart:238:10)\n#31     compileSummary (package:front_end/src/api_unstable/bazel_worker.dart:247:22)\n<asynchronous suspension>\n#32     computeKernel (file:///b/s/w/ir/k/src/third_party/dart/utils/bazel/kernel_worker.dart:299:20)\n<asynchronous suspension>\n#33     KernelWorker.performRequest (file:///b/s/w/ir/k/src/third_party/dart/utils/bazel/kernel_worker.dart:58:26)\n<asynchronous suspension>\n#34     AsyncWorkerLoop.run.<anonymous closure> (package:bazel_worker/src/worker/async_worker_loop.dart:33:41)\n#35     _rootRun (dart:async/zone.dart:1124:13)\n#36     _CustomZone.run (dart:async/zone.dart:1021:19)\n#37     _runZoned (dart:async/zone.dart:1516:10)\n#38     runZoned (dart:async/zone.dart:1463:12)\n#39     AsyncWorkerLoop.run (package:bazel_worker/src/worker/async_worker_loop.dart:33:26)\n<asynchronous suspension>\n#40     main (file:///b/s/w/ir/k/src/third_party/dart/utils/bazel/kernel_worker.dart:35:30)\n<asynchronous suspension>\n#41     _startIsolate.<anonymous closure> (dart:isolate-patch/isolate_patch.dart:299:32)\n#42     _RawReceivePortImpl._handleMessage (dart:isolate-patch/isolate_patch.dart:172:12)\n\n\n#0      Object.noSuchMethod (dart:core-patch/object_patch.dart:50:5)\n#1      KernelClassBuilder.buildTypeArguments (package:front_end/src/fasta/kernel/kernel_class_builder.dart:185:44)\n#2      KernelClassBuilder.buildType (package:front_end/src/fasta/kernel/kernel_class_builder.dart:205:18)\n#3      KernelNamedTypeBuilder.build (package:front_end/src/fasta/kernel/kernel_named_type_builder.dart:57:24)\n#4      KernelFieldBuilder.build (package:front_end/src/fasta/kernel/kernel_field_builder.dart:72:25)\n#5      KernelEnumBuilder.build (package:front_end/src/fasta/kernel/kernel_enum_builder.dart:299:19)\n#6      KernelLibraryBuilder.buildBuilder (package:front_end/src/fasta/kernel/kernel_library_builder.dart:917:25)\n#7      SourceLibraryBuilder.build (package:front_end/src/fasta/source/source_library_builder.dart:607:7)\n#8      KernelLibraryBuilder.build (package:front_end/src/fasta/kernel/kernel_library_builder.dart:1040:11)\n#9      SourceLoader.buildComponent.<anonymous closure> (package:front_end/src/fasta/source/source_loader.dart:783:40)\n#10     __InternalLinkedHashMap&_HashVMBase&MapMixin&_LinkedHashMapMixin.forEach (dart:collection-patch/compact_hash.dart:367:8)\n#11     SourceLoader.buildComponent (package:front_end/src/fasta/source/source_loader.dart:780:14)\n#12     KernelTarget.buildOutlines.<anonymous closure> (package:front_end/src/fasta/kernel/kernel_target.dart:263:14)\n<asynchronous suspension>\n#13     withCrashReporting (package:front_end/src/fasta/crash.dart:122:24)\n<asynchronous suspension>\n#14     KernelTarget.buildOutlines (package:front_end/src/fasta/kernel/kernel_target.dart:249:12)\n<asynchronous suspension>\n#15     generateKernelInternal.<anonymous closure> (package:front_end/src/kernel_generator_impl.dart:110:28)\n<asynchronous suspension>\n#16     withCrashReporting (package:front_end/src/fasta/crash.dart:122:24)\n<asynchronous suspension>\n#17     generateKernelInternal (package:front_end/src/kernel_generator_impl.dart:58:10)\n<asynchronous suspension>\n#18     generateKernel.<anonymous closure> (package:front_end/src/kernel_generator_impl.dart:41:18)\n<asynchronous suspension>\n#19     CompilerContext.runWithOptions.<anonymous closure> (package:front_end/src/fasta/compiler_context.dart:134:20)\n<asynchronous suspension>\n#20     CompilerContext.runInContext.<anonymous closure>.<anonymous closure> (package:front_end/src/fasta/compiler_context.dart:122:46)\n#21     new Future.sync (dart:async/future.dart:224:31)\n#22     CompilerContext.runInContext.<anonymous closure> (package:front_end/src/fasta/compiler_context.dart:122:19)\n#23     _rootRun (dart:async/zone.dart:1124:13)\n#24     _CustomZone.run (dart:async/zone.dart:1021:19)\n#25     _runZoned (dart:async/zone.dart:1516:10)\n#26     runZoned (dart:async/zone.dart:1463:12)\n#27     CompilerContext.runInContext (package:front_end/src/fasta/compiler_context.dart:121:12)\n#28     CompilerContext.runWithOptions (package:front_end/src/fasta/compiler_context.dart:132:10)\n#29     generateKernel (package:front_end/src/kernel_generator_impl.dart:40:32)\n<asynchronous suspension>\n#30     _compile (package:front_end/src/api_unstable/bazel_worker.dart:238:10)\n#31     compileSummary (package:front_end/src/api_unstable/bazel_worker.dart:247:22)\n<asynchronous suspension>\n#32     computeKernel (file:///b/s/w/ir/k/src/third_party/dart/utils/bazel/kernel_worker.dart:299:20)\n<asynchronous suspension>\n#33     KernelWorker.performRequest (file:///b/s/w/ir/k/src/third_party/dart/utils/bazel/kernel_worker.dart:58:26)\n<asynchronous suspension>\n#34     AsyncWorkerLoop.run.<anonymous closure> (package:bazel_worker/src/worker/async_worker_loop.dart:33:41)\n#35     _rootRun (dart:async/zone.dart:1124:13)\n#36     _CustomZone.run (dart:async/zone.dart:1021:19)\n#37     _runZoned (dart:async/zone.dart:1516:10)\n#38     runZoned (dart:async/zone.dart:1463:12)\n#39     AsyncWorkerLoop.run (package:bazel_worker/src/worker/async_worker_loop.dart:33:26)\n<asynchronous suspension>\n#40     main (file:///b/s/w/ir/k/src/third_party/dart/utils/bazel/kernel_worker.dart:35:30)\n<asynchronous suspension>\n#41     _startIsolate.<anonymous closure> (dart:isolate-patch/isolate_patch.dart:299:32)\n#42     _RawReceivePortImpl._handleMessage (dart:isolate-patch/isolate_patch.dart:172:12)\n\n\n","#0      _createKernel (package:build_modules/src/kernel_builder.dart:172:7)\n<asynchronous suspension>\n#1      KernelBuilder.build (package:build_modules/src/kernel_builder.dart:95:13)\n<asynchronous suspension>\n#2      runBuilder.buildForInput (package:build/src/generate/run_builder.dart:45:21)\n<asynchronous suspension>\n#3      MappedListIterable.elementAt (dart:_internal/iterable.dart:414:29)\n#4      ListIterator.moveNext (dart:_internal/iterable.dart:343:26)\n#5      Future.wait (dart:async/future.dart:393:26)\n#6      runBuilder.<anonymous closure> (package:build/src/generate/run_builder.dart:51:36)\n#7      _rootRun (dart:async/zone.dart:1124:13)\n#8      _CustomZone.run (dart:async/zone.dart:1021:19)\n#9      _runZoned (dart:async/zone.dart:1516:10)\n#10     runZoned (dart:async/zone.dart:1500:12)\n#11     scopeLogAsync (package:build/src/builder/logging.dart:22:3)\n#12     runBuilder (package:build/src/generate/run_builder.dart:51:9)\n<asynchronous suspension>\n#13     _SingleBuild._runForInput.<anonymous closure>.<anonymous closure>.<anonymous closure> (package:build_runner_core/src/generate/build_impl.dart:467:19)\n#14     _NoOpBuilderActionTracker.trackStage (package:build_runner_core/src/generate/performance_tracker.dart:300:15)\n#15     _SingleBuild._runForInput.<anonymous closure>.<anonymous closure> (package:build_runner_core/src/generate/build_impl.dart:465:23)\n<asynchronous suspension>\n#16     NoOpTimeTracker.track (package:timing/src/timing.dart:222:44)\n#17     _SingleBuild._runForInput.<anonymous closure> (package:build_runner_core/src/generate/build_impl.dart:424:22)\n#18     Pool.withResource (package:pool/pool.dart:127:28)\n<asynchronous suspension>\n#19     _SingleBuild._runForInput (package:build_runner_core/src/generate/build_impl.dart:420:17)\n#20     _SingleBuild._runLazyPhaseForInput.<anonymous closure> (package:build_runner_core/src/generate/build_impl.dart:394:14)\n<asynchronous suspension>\n#21     __InternalLinkedHashMap&_HashVMBase&MapMixin&_LinkedHashMapMixin.putIfAbsent (dart:collection-patch/compact_hash.dart:281:23)\n#22     _SingleBuild._runLazyPhaseForInput (package:build_runner_core/src/generate/build_impl.dart:378:24)\n#23     _SingleBuild._ensureAssetIsBuilt (package:build_runner_core/src/generate/build_impl.dart:412:14)\n#24     _SingleBuild._isReadableNode (package:build_runner_core/src/generate/build_impl.dart:405:11)\n#25     SingleStepReader._isReadable (package:build_runner_core/src/asset/reader.dart:62:12)\n#26     SingleStepReader.digest (package:build_runner_core/src/asset/reader.dart:89:29)\n#27     BuildStepImpl.digest (package:build/src/builder/build_step_impl.dart:136:20)\n#28     ScratchSpace.ensureAssets.<anonymous closure> (package:scratch_space/src/scratch_space.dart:89:33)\n<asynchronous suspension>\n#29     MappedIterator.moveNext (dart:_internal/iterable.dart:392:18)\n#30     new List.from (dart:core-patch/array_patch.dart:33:29)\n#31     Iterable.toList (dart:core/iterable.dart:398:5)\n#32     ScratchSpace.ensureAssets (package:scratch_space/src/scratch_space.dart:111:8)\n#33     _createDevCompilerModule.<anonymous closure> (package:build_web_compilers/src/dev_compiler_builder.dart:103:42)\n#34     _NoOpBuilderActionTracker.trackStage (package:build_runner_core/src/generate/performance_tracker.dart:300:15)\n#35     BuildStepImpl.trackStage (package:build/src/builder/build_step_impl.dart:141:21)\n#36     _createDevCompilerModule (package:build_web_compilers/src/dev_compiler_builder.dart:102:19)\n#37     _asyncThenWrapperHelper.<anonymous closure> (dart:async-patch/async_patch.dart:77:64)\n#38     _rootRunUnary (dart:async/zone.dart:1132:38)\n#39     _CustomZone.runUnary (dart:async/zone.dart:1029:19)\n#40     _FutureListener.handleValue (dart:async/future_impl.dart:126:18)\n#41     Future._propagateToListeners.handleValueCallback (dart:async/future_impl.dart:639:45)\n#42     Future._propagateToListeners (dart:async/future_impl.dart:668:32)\n#43     Future._complete (dart:async/future_impl.dart:473:7)\n#44     _SyncCompleter.complete (dart:async/future_impl.dart:51:12)\n#45     _rootRunUnary (dart:async/zone.dart:1132:38)\n#46     _CustomZone.runUnary (dart:async/zone.dart:1029:19)\n#47     _FutureListener.handleValue (dart:async/future_impl.dart:126:18)\n#48     Future._propagateToListeners.handleValueCallback (dart:async/future_impl.dart:639:45)\n#49     Future._propagateToListeners (dart:async/future_impl.dart:668:32)\n#50     Future._complete (dart:async/future_impl.dart:473:7)\n#51     _SyncCompleter.complete (dart:async/future_impl.dart:51:12)\n#52     _AsyncAwaitCompleter.complete (dart:async-patch/async_patch.dart:28:18)\n#53     _completeOnAsyncReturn (dart:async-patch/async_patch.dart:294:13)\n#54     Resource._fetch.<anonymous closure> (package:build/src/resource/resource.dart)\n#55     _asyncThenWrapperHelper.<anonymous closure> (dart:async-patch/async_patch.dart:77:64)\n#56     _rootRunUnary (dart:async/zone.dart:1132:38)\n#57     _CustomZone.runUnary (dart:async/zone.dart:1029:19)\n#58     _FutureListener.handleValue (dart:async/future_impl.dart:126:18)\n#59     Future._propagateToListeners.handleValueCallback (dart:async/future_impl.dart:639:45)\n#60     Future._propagateToListeners (dart:async/future_impl.dart:668:32)\n#61     Future._addListener.<anonymous closure> (dart:async/future_impl.dart:348:9)\n#62     _rootRun (dart:async/zone.dart:1124:13)\n#63     _CustomZone.run (dart:async/zone.dart:1021:19)\n#64     _CustomZone.runGuarded (dart:async/zone.dart:923:7)\n#65     _CustomZone.bindCallbackGuarded.<anonymous closure> (dart:async/zone.dart:963:23)\n#66     _microtaskLoop (dart:async/schedule_microtask.dart:41:21)\n#67     _startMicrotaskLoop (dart:async/schedule_microtask.dart:50:5)\n#68     _runPendingImmediateCallback (dart:isolate-patch/isolate_patch.dart:116:13)\n#69     _RawReceivePortImpl._handleMessage (dart:isolate-patch/isolate_patch.dart:173:5)\n"]]